<?xml version="1.0" encoding="UTF-8"?>
<testsuites name="Flagler_ServiceInvoice_SplitTenderTestSuite" time="228" tests="0" failures="1" errors="0">
   <testsuite name="Flagler_ServiceInvoice_SplitTenderTestSuite" tests="0" failures="1" errors="0" time="228" timestamp="2017-12-04 17:46:56" hostname="agawhande - ANIL110.e-emphasys.com" id="Test Suites/Flagler_ServiceInvoice_SplitTenderTestSuite">
      <properties>
         <property name="deviceName" value=""/>
         <property name="devicePlatform" value=""/>
         <property name="logFolder" value="C:\\Users\\agawhande\\git\\FlaglerCC\\Reports\\Flagler_ServiceInvoice_SplitTenderTestSuite\\20171204_174648"/>
         <property name="logFiles" value="C:\\Users\\agawhande\\git\\FlaglerCC\\Reports\\Flagler_ServiceInvoice_SplitTenderTestSuite\\20171204_174648\\execution0.log"/>
         <property name="attachments" value="C:\\Users\\agawhande\\git\\FlaglerCC\\Reports\\Flagler_ServiceInvoice_SplitTenderTestSuite\\20171204_174648\\1512390014667.png, C:\\Users\\agawhande\\git\\FlaglerCC\\Reports\\Flagler_ServiceInvoice_SplitTenderTestSuite\\20171204_174648\\1512390018457.png"/>
         <property name="hostName" value="agawhande - ANIL110.e-emphasys.com"/>
         <property name="os" value="Windows 7 64bit"/>
         <property name="katalonVersion" value="4.8.0.2"/>
         <property name="browser" value="Firefox 56.0"/>
         <property name="hostAddress" value="192.168.25.228"/>
         <property name="sessionId" value="a7a18bcb-7d77-4d6f-956e-6fdf2ff56c06"/>
         <property name="seleniumVersion" value="unknown"/>
         <property name="proxyInformation" value="ProxyInformation{proxyOption=NO_PROXY, proxyServerType=, password=, proxyServerAddress=, proxyServerPort=0}"/>
         <property name="platform" value="Windows 7"/>
      </properties>
      <testcase name="Test Cases/Service/CreditCardRegression/TC002_Service_CreditCardSplitTender" classname="Test Cases/Service/CreditCardRegression/TC002_Service_CreditCardSplitTender" status="FAILED">
         <failure type="FAILED" message="Unable to click on object 'Object Repository/Service/ServiceOrder/ServiceOrderHeader/ServiceOrderHeader.InvoiceCont' (Root cause: com.kms.katalon.core.webui.exception.WebElementNotFoundException: Web element with id: 'Object Repository/Service/ServiceOrder/ServiceOrderHeader/ServiceOrderHeader.InvoiceCont' located by 'By.xpath: //*[@id = 'dlg-tssoc2100m001-0-input-button-0-label']' not found)"/>
         <system-out><![CDATA[2017-12-04 17:46:57 - [TEST_CASE][FAILED] - Test Cases/Service/CreditCardRegression/TC002_Service_CreditCardSplitTender: Test Cases/Service/CreditCardRegression/TC002_Service_CreditCardSplitTender FAILED because (of) Unable to click on object 'Object Repository/Service/ServiceOrder/ServiceOrderHeader/ServiceOrderHeader.InvoiceCont' (Root cause: com.kms.katalon.core.webui.exception.WebElementNotFoundException: Web element with id: 'Object Repository/Service/ServiceOrder/ServiceOrderHeader/ServiceOrderHeader.InvoiceCont' located by 'By.xpath: //*[@id = 'dlg-tssoc2100m001-0-input-button-0-label']' not found)

2017-12-04 17:46:58 - [TEST_STEP][PASSED] - callTestCase: Call Test Case 'Test Cases/Service/BaseTestCases/Base_Service_CreateHeader' successfully

2017-12-04 17:46:58 - [TEST_CASE][PASSED] - Test Cases/Service/BaseTestCases/Base_Service_CreateHeader: Test Cases/Service/BaseTestCases/Base_Service_CreateHeader

2017-12-04 17:46:58 - [TEST_STEP][PASSED] - callTestCase: Call Test Case 'Test Cases/Common/Base_Common_OpenSession' successfully

2017-12-04 17:46:58 - [TEST_CASE][PASSED] - Test Cases/Common/Base_Common_OpenSession: Test Cases/Common/Base_Common_OpenSession

2017-12-04 17:46:59 - [TEST_STEP][PASSED] - openBrowser: Browser is opened with url: 'http://baan:3Xtend27$13@192.168.20.241:8312/webui/servlet/login'

2017-12-04 17:47:13 - [MESSAGE][PASSED] - Browser is opened with url: 'http://baan:3Xtend27$13@192.168.20.241:8312/webui/servlet/login'

2017-12-04 17:47:13 - [TEST_STEP][PASSED] - waitForPageLoad: Wait for page load successfully

2017-12-04 17:47:13 - [MESSAGE][PASSED] - Wait for page load successfully

2017-12-04 17:47:13 - [TEST_STEP][PASSED] - maximizeWindow: Current window maximized

2017-12-04 17:47:13 - [MESSAGE][PASSED] - Current window maximized

2017-12-04 17:47:13 - [TEST_STEP][PASSED] - click: Object: 'Object Repository/Common/HomePage/HomePage_more' is clicked on

2017-12-04 17:47:15 - [MESSAGE][PASSED] - Object: 'Object Repository/Common/HomePage/HomePage_more' is clicked on

2017-12-04 17:47:15 - [TEST_STEP][PASSED] - click: Object: 'Object Repository/Common/HomePage/HomePage_Option' is clicked on

2017-12-04 17:47:15 - [MESSAGE][PASSED] - Object: 'Object Repository/Common/HomePage/HomePage_Option' is clicked on

2017-12-04 17:47:15 - [TEST_STEP][PASSED] - click: Object: 'Object Repository/Common/HomePage/HomePage_RunProgram_' is clicked on

2017-12-04 17:47:15 - [MESSAGE][PASSED] - Object: 'Object Repository/Common/HomePage/HomePage_RunProgram_' is clicked on

2017-12-04 17:47:15 - [TEST_STEP][PASSED] - sendKeys: Keys 'tssoc2100m001' sent to object: 'Object Repository/Common/HomePage/HomePage_Session_ID'

2017-12-04 17:47:16 - [MESSAGE][PASSED] - Keys 'tssoc2100m001' sent to object: 'Object Repository/Common/HomePage/HomePage_Session_ID'

2017-12-04 17:47:16 - [TEST_STEP][PASSED] - click: Object: 'Object Repository/Common/HomePage/HomePage_OkButton' is clicked on

2017-12-04 17:47:16 - [MESSAGE][PASSED] - Object: 'Object Repository/Common/HomePage/HomePage_OkButton' is clicked on

2017-12-04 17:47:16 - [MESSAGE][PASSED] - Call Test Case 'Test Cases/Common/Base_Common_OpenSession' successfully

2017-12-04 17:47:16 - [TEST_STEP][PASSED] - click: Object: 'Object Repository/Service/ServiceOrder/ServiceOrderHeader/ServiceOrderHeader.Newbutton' is clicked on

2017-12-04 17:47:20 - [MESSAGE][PASSED] - Object: 'Object Repository/Service/ServiceOrder/ServiceOrderHeader/ServiceOrderHeader.Newbutton' is clicked on

2017-12-04 17:47:20 - [TEST_STEP][PASSED] - delay: Delayed 8 second(s)

2017-12-04 17:47:28 - [MESSAGE][PASSED] - Delayed 8 second(s)

2017-12-04 17:47:28 - [TEST_STEP][PASSED] - click: Object: 'Object Repository/Service/ServiceOrder/ServiceOrderHeader/ServiceOrderHeader.Customer' is clicked on

2017-12-04 17:47:28 - [MESSAGE][PASSED] - Object: 'Object Repository/Service/ServiceOrder/ServiceOrderHeader/ServiceOrderHeader.Customer' is clicked on

2017-12-04 17:47:28 - [TEST_STEP][PASSED] - delay: Delayed 2 second(s)

2017-12-04 17:47:30 - [MESSAGE][PASSED] - Delayed 2 second(s)

2017-12-04 17:47:30 - [TEST_STEP][PASSED] - sendKeys: Keys 'BP0009610' sent to object: 'Object Repository/Service/ServiceOrder/ServiceOrderHeader/ServiceOrderHeader.Customer'

2017-12-04 17:47:30 - [MESSAGE][PASSED] - Keys 'BP0009610' sent to object: 'Object Repository/Service/ServiceOrder/ServiceOrderHeader/ServiceOrderHeader.Customer'

2017-12-04 17:47:30 - [TEST_STEP][PASSED] - sendKeys: Keys '' sent to object: 'Object Repository/Service/ServiceOrder/ServiceOrderHeader/ServiceOrderHeader.Customer'

2017-12-04 17:47:30 - [MESSAGE][PASSED] - Keys '' sent to object: 'Object Repository/Service/ServiceOrder/ServiceOrderHeader/ServiceOrderHeader.Customer'

2017-12-04 17:47:30 - [TEST_STEP][PASSED] - delay: Delayed 3 second(s)

2017-12-04 17:47:33 - [MESSAGE][PASSED] - Delayed 3 second(s)

2017-12-04 17:47:33 - [TEST_STEP][PASSED] - click: Object: 'Object Repository/Service/ServiceOrder/ServiceOrderHeader/ServiceOrderHeader.Unit' is clicked on

2017-12-04 17:47:33 - [MESSAGE][PASSED] - Object: 'Object Repository/Service/ServiceOrder/ServiceOrderHeader/ServiceOrderHeader.Unit' is clicked on

2017-12-04 17:47:33 - [TEST_STEP][PASSED] - delay: Delayed 2 second(s)

2017-12-04 17:47:35 - [MESSAGE][PASSED] - Delayed 2 second(s)

2017-12-04 17:47:35 - [TEST_STEP][PASSED] - sendKeys: Keys 'EQ0128249' sent to object: 'Object Repository/Service/ServiceOrder/ServiceOrderHeader/ServiceOrderHeader.Unit'

2017-12-04 17:47:36 - [MESSAGE][PASSED] - Keys 'EQ0128249' sent to object: 'Object Repository/Service/ServiceOrder/ServiceOrderHeader/ServiceOrderHeader.Unit'

2017-12-04 17:47:36 - [TEST_STEP][PASSED] - delay: Delayed 5 second(s)

2017-12-04 17:47:41 - [MESSAGE][PASSED] - Delayed 5 second(s)

2017-12-04 17:47:41 - [TEST_STEP][PASSED] - click: Object: 'Object Repository/Service/ServiceOrder/ServiceOrderHeader/ServiceOrderHeader.Save' is clicked on

2017-12-04 17:47:41 - [MESSAGE][PASSED] - Object: 'Object Repository/Service/ServiceOrder/ServiceOrderHeader/ServiceOrderHeader.Save' is clicked on

2017-12-04 17:47:41 - [TEST_STEP][PASSED] - delay: Delayed 2 second(s)

2017-12-04 17:47:43 - [MESSAGE][PASSED] - Delayed 2 second(s)

2017-12-04 17:47:43 - [TEST_STEP][PASSED] - click: Object: 'Object Repository/Service/ServiceOrder/ServiceOrderHeader/ServiceOrderHeader.Warning' is clicked on

2017-12-04 17:47:43 - [MESSAGE][PASSED] - Object: 'Object Repository/Service/ServiceOrder/ServiceOrderHeader/ServiceOrderHeader.Warning' is clicked on

2017-12-04 17:47:43 - [TEST_STEP][PASSED] - delay: Delayed 3 second(s)

2017-12-04 17:47:46 - [MESSAGE][PASSED] - Delayed 3 second(s)

2017-12-04 17:47:46 - [TEST_STEP][PASSED] - click: Object: 'Object Repository/Service/ServiceOrder/ServiceOrderHeader/ServiceOrderHeader.PaymentMode' is clicked on

2017-12-04 17:47:46 - [MESSAGE][PASSED] - Object: 'Object Repository/Service/ServiceOrder/ServiceOrderHeader/ServiceOrderHeader.PaymentMode' is clicked on

2017-12-04 17:47:46 - [TEST_STEP][PASSED] - click: Object: 'Object Repository/Service/ServiceOrder/ServiceOrderHeader/ServiceOrderHeader.CreditCardoption' is clicked on

2017-12-04 17:47:46 - [MESSAGE][PASSED] - Object: 'Object Repository/Service/ServiceOrder/ServiceOrderHeader/ServiceOrderHeader.CreditCardoption' is clicked on

2017-12-04 17:47:46 - [TEST_STEP][PASSED] - delay: Delayed 5 second(s)

2017-12-04 17:47:51 - [MESSAGE][PASSED] - Delayed 5 second(s)

2017-12-04 17:47:51 - [TEST_STEP][NOT_RUN] - setText: NOT_RUN: setText

2017-12-04 17:47:51 - [MESSAGE][NOT_RUN] - NOT_RUN: setText

2017-12-04 17:47:51 - [TEST_STEP][PASSED] - click: Object: 'Object Repository/Service/ServiceOrder/ServiceOrderHeader/ServiceOrderHeader.Save' is clicked on

2017-12-04 17:47:51 - [MESSAGE][PASSED] - Object: 'Object Repository/Service/ServiceOrder/ServiceOrderHeader/ServiceOrderHeader.Save' is clicked on

2017-12-04 17:47:51 - [TEST_STEP][PASSED] - delay: Delayed 5 second(s)

2017-12-04 17:47:56 - [MESSAGE][PASSED] - Delayed 5 second(s)

2017-12-04 17:47:56 - [TEST_STEP][PASSED] - Statement - SWOOrderNo = com.kms.katalon.core.webui.keyword.WebUiBuiltInKeywords.getAttribute(com.kms.katalon.core.testobject.ObjectRepository.findTestObject(Service/ServiceOrder/ServiceOrderHeader/ServiceOrderHeader.OrderNo), "value"): Attribute 'value' of object 'Object Repository/Service/ServiceOrder/ServiceOrderHeader/ServiceOrderHeader.OrderNo' is: 'SWO011874'

2017-12-04 17:47:57 - [MESSAGE][PASSED] - Attribute 'value' of object 'Object Repository/Service/ServiceOrder/ServiceOrderHeader/ServiceOrderHeader.OrderNo' is: 'SWO011874'

2017-12-04 17:47:57 - [TEST_STEP][PASSED] - verifyNotEqual: Actual object 'SWO011874' and expected object '' are not equal

2017-12-04 17:47:57 - [MESSAGE][PASSED] - Actual object 'SWO011874' and expected object '' are not equal

2017-12-04 17:47:57 - [TEST_STEP][PASSED] - delay: Delayed 5 second(s)

2017-12-04 17:48:02 - [MESSAGE][PASSED] - Delayed 5 second(s)

2017-12-04 17:48:02 - [TEST_STEP][PASSED] - click: Object: 'Object Repository/Service/ServiceOrder/ServiceOrderHeader/ServiceOrderHeader.Actions' is clicked on

2017-12-04 17:48:02 - [MESSAGE][PASSED] - Object: 'Object Repository/Service/ServiceOrder/ServiceOrderHeader/ServiceOrderHeader.Actions' is clicked on

2017-12-04 17:48:02 - [TEST_STEP][PASSED] - delay: Delayed 3 second(s)

2017-12-04 17:48:05 - [MESSAGE][PASSED] - Delayed 3 second(s)

2017-12-04 17:48:05 - [TEST_STEP][PASSED] - click: Object: 'Object Repository/Service/ServiceOrder/ServiceOrderHeader/ServiceOrderHeader.Segments' is clicked on

2017-12-04 17:48:05 - [MESSAGE][PASSED] - Object: 'Object Repository/Service/ServiceOrder/ServiceOrderHeader/ServiceOrderHeader.Segments' is clicked on

2017-12-04 17:48:05 - [TEST_STEP][PASSED] - delay: Delayed 3 second(s)

2017-12-04 17:48:08 - [MESSAGE][PASSED] - Delayed 3 second(s)

2017-12-04 17:48:08 - [MESSAGE][PASSED] - Call Test Case 'Test Cases/Service/BaseTestCases/Base_Service_CreateHeader' successfully

2017-12-04 17:48:08 - [TEST_STEP][PASSED] - callTestCase: Call Test Case 'Test Cases/Service/BaseTestCases/Base_Service_AddSegment' successfully

2017-12-04 17:48:08 - [TEST_CASE][PASSED] - Test Cases/Service/BaseTestCases/Base_Service_AddSegment: Test Cases/Service/BaseTestCases/Base_Service_AddSegment

2017-12-04 17:48:08 - [TEST_STEP][PASSED] - click: Object: 'Object Repository/Service/ServiceOrder/ServiceOrderSegment/ServiceOrderSegment.ServiceType' is clicked on

2017-12-04 17:48:09 - [MESSAGE][PASSED] - Object: 'Object Repository/Service/ServiceOrder/ServiceOrderSegment/ServiceOrderSegment.ServiceType' is clicked on

2017-12-04 17:48:09 - [TEST_STEP][PASSED] - delay: Delayed 4 second(s)

2017-12-04 17:48:13 - [MESSAGE][PASSED] - Delayed 4 second(s)

2017-12-04 17:48:13 - [TEST_STEP][PASSED] - setText: Text 'ABC' is set on object 'Object Repository/Service/ServiceOrder/ServiceOrderSegment/ServiceOrderSegment.ServiceType'

2017-12-04 17:48:13 - [MESSAGE][PASSED] - Text 'ABC' is set on object 'Object Repository/Service/ServiceOrder/ServiceOrderSegment/ServiceOrderSegment.ServiceType'

2017-12-04 17:48:13 - [TEST_STEP][NOT_RUN] - sendKeys: NOT_RUN: sendKeys

2017-12-04 17:48:13 - [MESSAGE][NOT_RUN] - NOT_RUN: sendKeys

2017-12-04 17:48:13 - [TEST_STEP][PASSED] - delay: Delayed 3 second(s)

2017-12-04 17:48:16 - [MESSAGE][PASSED] - Delayed 3 second(s)

2017-12-04 17:48:16 - [TEST_STEP][PASSED] - click: Object: 'Object Repository/Service/ServiceOrder/ServiceOrderSegment/ServiceOrderSegment.OthersTab' is clicked on

2017-12-04 17:48:16 - [MESSAGE][PASSED] - Object: 'Object Repository/Service/ServiceOrder/ServiceOrderSegment/ServiceOrderSegment.OthersTab' is clicked on

2017-12-04 17:48:16 - [TEST_STEP][PASSED] - delay: Delayed 3 second(s)

2017-12-04 17:48:19 - [MESSAGE][PASSED] - Delayed 3 second(s)

2017-12-04 17:48:19 - [TEST_STEP][PASSED] - click: Object: 'Object Repository/Service/ServiceOrder/ServiceOrderSegment/ServiceOrderSegment.Priority' is clicked on

2017-12-04 17:48:19 - [MESSAGE][PASSED] - Object: 'Object Repository/Service/ServiceOrder/ServiceOrderSegment/ServiceOrderSegment.Priority' is clicked on

2017-12-04 17:48:19 - [TEST_STEP][PASSED] - delay: Delayed 3 second(s)

2017-12-04 17:48:22 - [MESSAGE][PASSED] - Delayed 3 second(s)

2017-12-04 17:48:22 - [TEST_STEP][PASSED] - sendKeys: Keys '1' sent to object: 'Object Repository/Service/ServiceOrder/ServiceOrderSegment/ServiceOrderSegment.Priority'

2017-12-04 17:48:22 - [MESSAGE][PASSED] - Keys '1' sent to object: 'Object Repository/Service/ServiceOrder/ServiceOrderSegment/ServiceOrderSegment.Priority'

2017-12-04 17:48:22 - [TEST_STEP][PASSED] - delay: Delayed 3 second(s)

2017-12-04 17:48:25 - [MESSAGE][PASSED] - Delayed 3 second(s)

2017-12-04 17:48:25 - [TEST_STEP][PASSED] - click: Object: 'Object Repository/Service/ServiceOrder/ServiceOrderSegment/ServiceOrderSegment.Save' is clicked on

2017-12-04 17:48:25 - [MESSAGE][PASSED] - Object: 'Object Repository/Service/ServiceOrder/ServiceOrderSegment/ServiceOrderSegment.Save' is clicked on

2017-12-04 17:48:25 - [TEST_STEP][PASSED] - delay: Delayed 10 second(s)

2017-12-04 17:48:35 - [MESSAGE][PASSED] - Delayed 10 second(s)

2017-12-04 17:48:35 - [TEST_STEP][PASSED] - click: Object: 'Object Repository/Service/ServiceOrder/ServiceOrderSegment/ServiceOrderSegment.Action' is clicked on

2017-12-04 17:48:36 - [MESSAGE][PASSED] - Object: 'Object Repository/Service/ServiceOrder/ServiceOrderSegment/ServiceOrderSegment.Action' is clicked on

2017-12-04 17:48:36 - [TEST_STEP][PASSED] - delay: Delayed 2 second(s)

2017-12-04 17:48:38 - [MESSAGE][PASSED] - Delayed 2 second(s)

2017-12-04 17:48:38 - [TEST_STEP][PASSED] - click: Object: 'Object Repository/Service/ServiceOrder/ServiceOrderSegment/ServiceOrderSegment.Release' is clicked on

2017-12-04 17:48:38 - [MESSAGE][PASSED] - Object: 'Object Repository/Service/ServiceOrder/ServiceOrderSegment/ServiceOrderSegment.Release' is clicked on

2017-12-04 17:48:38 - [TEST_STEP][PASSED] - delay: Delayed 5 second(s)

2017-12-04 17:48:43 - [MESSAGE][PASSED] - Delayed 5 second(s)

2017-12-04 17:48:43 - [TEST_STEP][NOT_RUN] - click: NOT_RUN: click

2017-12-04 17:48:43 - [MESSAGE][NOT_RUN] - NOT_RUN: click

2017-12-04 17:48:43 - [TEST_STEP][NOT_RUN] - click: NOT_RUN: click

2017-12-04 17:48:43 - [MESSAGE][NOT_RUN] - NOT_RUN: click

2017-12-04 17:48:43 - [TEST_STEP][NOT_RUN] - delay: NOT_RUN: delay

2017-12-04 17:48:43 - [MESSAGE][NOT_RUN] - NOT_RUN: delay

2017-12-04 17:48:43 - [TEST_STEP][NOT_RUN] - setText: NOT_RUN: setText

2017-12-04 17:48:43 - [MESSAGE][NOT_RUN] - NOT_RUN: setText

2017-12-04 17:48:43 - [TEST_STEP][NOT_RUN] - sendKeys: NOT_RUN: sendKeys

2017-12-04 17:48:43 - [MESSAGE][NOT_RUN] - NOT_RUN: sendKeys

2017-12-04 17:48:43 - [TEST_STEP][NOT_RUN] - delay: NOT_RUN: delay

2017-12-04 17:48:43 - [MESSAGE][NOT_RUN] - NOT_RUN: delay

2017-12-04 17:48:43 - [TEST_STEP][NOT_RUN] - click: NOT_RUN: click

2017-12-04 17:48:43 - [MESSAGE][NOT_RUN] - NOT_RUN: click

2017-12-04 17:48:43 - [TEST_STEP][NOT_RUN] - delay: NOT_RUN: delay

2017-12-04 17:48:43 - [MESSAGE][NOT_RUN] - NOT_RUN: delay

2017-12-04 17:48:43 - [TEST_STEP][PASSED] - click: Object: 'Object Repository/Service/ServiceOrder/ServiceOrderSegment/ServiceOrderSegment.Action' is clicked on

2017-12-04 17:48:43 - [MESSAGE][PASSED] - Object: 'Object Repository/Service/ServiceOrder/ServiceOrderSegment/ServiceOrderSegment.Action' is clicked on

2017-12-04 17:48:43 - [TEST_STEP][PASSED] - delay: Delayed 3 second(s)

2017-12-04 17:48:46 - [MESSAGE][PASSED] - Delayed 3 second(s)

2017-12-04 17:48:46 - [MESSAGE][PASSED] - Call Test Case 'Test Cases/Service/BaseTestCases/Base_Service_AddSegment' successfully

2017-12-04 17:48:46 - [TEST_STEP][PASSED] - callTestCase: Call Test Case 'Test Cases/Service/BaseTestCases/Base_Service_Add Others' successfully

2017-12-04 17:48:46 - [TEST_CASE][PASSED] - Test Cases/Service/BaseTestCases/Base_Service_Add Others: Test Cases/Service/BaseTestCases/Base_Service_Add Others

2017-12-04 17:48:46 - [TEST_STEP][PASSED] - click: Object: 'Object Repository/Service/ServiceOrder/ServiceOrderSegment/ServiceOrderSegment.Others' is clicked on

2017-12-04 17:48:47 - [MESSAGE][PASSED] - Object: 'Object Repository/Service/ServiceOrder/ServiceOrderSegment/ServiceOrderSegment.Others' is clicked on

2017-12-04 17:48:47 - [TEST_STEP][PASSED] - delay: Delayed 10 second(s)

2017-12-04 17:48:57 - [MESSAGE][PASSED] - Delayed 10 second(s)

2017-12-04 17:48:57 - [TEST_STEP][PASSED] - click: Object: 'Object Repository/Service/ServiceOrder/ServiceOrderSegment/ServiceOrderSegment.OthersNew' is clicked on

2017-12-04 17:48:57 - [MESSAGE][PASSED] - Object: 'Object Repository/Service/ServiceOrder/ServiceOrderSegment/ServiceOrderSegment.OthersNew' is clicked on

2017-12-04 17:48:57 - [TEST_STEP][PASSED] - delay: Delayed 5 second(s)

2017-12-04 17:49:02 - [MESSAGE][PASSED] - Delayed 5 second(s)

2017-12-04 17:49:02 - [TEST_STEP][PASSED] - click: Object: 'Object Repository/Service/ServiceOrder/ServiceOrderSegment/ServiceOrderSegment.OthersCostComp' is clicked on

2017-12-04 17:49:02 - [MESSAGE][PASSED] - Object: 'Object Repository/Service/ServiceOrder/ServiceOrderSegment/ServiceOrderSegment.OthersCostComp' is clicked on

2017-12-04 17:49:02 - [TEST_STEP][PASSED] - delay: Delayed 2 second(s)

2017-12-04 17:49:04 - [MESSAGE][PASSED] - Delayed 2 second(s)

2017-12-04 17:49:04 - [TEST_STEP][PASSED] - setText: Text 'MIL' is set on object 'Object Repository/Service/ServiceOrder/ServiceOrderSegment/ServiceOrderSegment.OthersCostComp'

2017-12-04 17:49:04 - [MESSAGE][PASSED] - Text 'MIL' is set on object 'Object Repository/Service/ServiceOrder/ServiceOrderSegment/ServiceOrderSegment.OthersCostComp'

2017-12-04 17:49:04 - [TEST_STEP][PASSED] - delay: Delayed 5 second(s)

2017-12-04 17:49:09 - [MESSAGE][PASSED] - Delayed 5 second(s)

2017-12-04 17:49:09 - [TEST_STEP][PASSED] - scrollToElement: Scroll to object 'Object Repository/Service/ServiceOrder/ServiceOrderSegment/ServiceOrderSegment.Actual Qty' successfully

2017-12-04 17:49:09 - [MESSAGE][PASSED] - Scroll to object 'Object Repository/Service/ServiceOrder/ServiceOrderSegment/ServiceOrderSegment.Actual Qty' successfully

2017-12-04 17:49:09 - [TEST_STEP][PASSED] - click: Object: 'Object Repository/Service/ServiceOrder/ServiceOrderSegment/ServiceOrderSegment.Actual Qty' is clicked on

2017-12-04 17:49:10 - [MESSAGE][PASSED] - Object: 'Object Repository/Service/ServiceOrder/ServiceOrderSegment/ServiceOrderSegment.Actual Qty' is clicked on

2017-12-04 17:49:10 - [TEST_STEP][PASSED] - delay: Delayed 2 second(s)

2017-12-04 17:49:12 - [MESSAGE][PASSED] - Delayed 2 second(s)

2017-12-04 17:49:12 - [TEST_STEP][PASSED] - sendKeys: Keys '2' sent to object: 'Object Repository/Service/ServiceOrder/ServiceOrderSegment/ServiceOrderSegment.Actual Qty'

2017-12-04 17:49:12 - [MESSAGE][PASSED] - Keys '2' sent to object: 'Object Repository/Service/ServiceOrder/ServiceOrderSegment/ServiceOrderSegment.Actual Qty'

2017-12-04 17:49:12 - [TEST_STEP][PASSED] - delay: Delayed 5 second(s)

2017-12-04 17:49:17 - [MESSAGE][PASSED] - Delayed 5 second(s)

2017-12-04 17:49:17 - [TEST_STEP][NOT_RUN] - click: NOT_RUN: click

2017-12-04 17:49:17 - [MESSAGE][NOT_RUN] - NOT_RUN: click

2017-12-04 17:49:17 - [TEST_STEP][PASSED] - click: Object: 'Object Repository/Service/ServiceOrder/ServiceOrderSegment/ServiceOrderSegmentOthers.SaveClose' is clicked on

2017-12-04 17:49:17 - [MESSAGE][PASSED] - Object: 'Object Repository/Service/ServiceOrder/ServiceOrderSegment/ServiceOrderSegmentOthers.SaveClose' is clicked on

2017-12-04 17:49:17 - [TEST_STEP][PASSED] - delay: Delayed 5 second(s)

2017-12-04 17:49:22 - [MESSAGE][PASSED] - Delayed 5 second(s)

2017-12-04 17:49:22 - [TEST_STEP][PASSED] - click: Object: 'Object Repository/Service/ServiceOrder/ServiceOrderSegment/ServiceOrderSegment.SaveClose' is clicked on

2017-12-04 17:49:22 - [MESSAGE][PASSED] - Object: 'Object Repository/Service/ServiceOrder/ServiceOrderSegment/ServiceOrderSegment.SaveClose' is clicked on

2017-12-04 17:49:22 - [MESSAGE][PASSED] - Call Test Case 'Test Cases/Service/BaseTestCases/Base_Service_Add Others' successfully

2017-12-04 17:49:22 - [TEST_STEP][FAILED] - callTestCase: Unable to call Test Case with id 'Test Cases/Service/BaseTestCases/Base_Service_HeaderInvoice_SplitTender' (Root cause: Call Test Case 'Test Cases/Service/BaseTestCases/Base_Service_HeaderInvoice_SplitTender' failed)

2017-12-04 17:49:22 - [TEST_CASE][FAILED] - Test Cases/Service/BaseTestCases/Base_Service_HeaderInvoice_SplitTender: Test Cases/Service/BaseTestCases/Base_Service_HeaderInvoice_SplitTender FAILED because (of) Unable to click on object 'Object Repository/Service/ServiceOrder/ServiceOrderHeader/ServiceOrderHeader.InvoiceCont' (Root cause: com.kms.katalon.core.webui.exception.WebElementNotFoundException: Web element with id: 'Object Repository/Service/ServiceOrder/ServiceOrderHeader/ServiceOrderHeader.InvoiceCont' located by 'By.xpath: //*[@id = 'dlg-tssoc2100m001-0-input-button-0-label']' not found)

2017-12-04 17:49:23 - [TEST_STEP][PASSED] - delay: Delayed 5 second(s)

2017-12-04 17:49:28 - [MESSAGE][PASSED] - Delayed 5 second(s)

2017-12-04 17:49:28 - [TEST_STEP][PASSED] - click: Object: 'Object Repository/Service/ServiceOrder/ServiceOrderHeader/ServiceOrderHeader.Actions' is clicked on

2017-12-04 17:49:28 - [MESSAGE][PASSED] - Object: 'Object Repository/Service/ServiceOrder/ServiceOrderHeader/ServiceOrderHeader.Actions' is clicked on

2017-12-04 17:49:28 - [TEST_STEP][PASSED] - delay: Delayed 3 second(s)

2017-12-04 17:49:31 - [MESSAGE][PASSED] - Delayed 3 second(s)

2017-12-04 17:49:31 - [TEST_STEP][PASSED] - click: Object: 'Object Repository/Service/ServiceOrder/ServiceOrderHeader/ServiceOrderHeader.Costing' is clicked on

2017-12-04 17:49:31 - [MESSAGE][PASSED] - Object: 'Object Repository/Service/ServiceOrder/ServiceOrderHeader/ServiceOrderHeader.Costing' is clicked on

2017-12-04 17:49:31 - [TEST_STEP][PASSED] - delay: Delayed 5 second(s)

2017-12-04 17:49:36 - [MESSAGE][PASSED] - Delayed 5 second(s)

2017-12-04 17:49:36 - [TEST_STEP][PASSED] - click: Object: 'Object Repository/Service/ServiceOrder/ServiceOrderHeader/ServiceOrderHeader.RepriceWarning' is clicked on

2017-12-04 17:49:36 - [MESSAGE][PASSED] - Object: 'Object Repository/Service/ServiceOrder/ServiceOrderHeader/ServiceOrderHeader.RepriceWarning' is clicked on

2017-12-04 17:49:36 - [TEST_STEP][PASSED] - delay: Delayed 3 second(s)

2017-12-04 17:49:39 - [MESSAGE][PASSED] - Delayed 3 second(s)

2017-12-04 17:49:39 - [TEST_STEP][PASSED] - click: Object: 'Object Repository/Service/ServiceOrder/ServiceOrderHeader/ServiceOrderHeader.CostingProcessCont' is clicked on

2017-12-04 17:49:40 - [MESSAGE][PASSED] - Object: 'Object Repository/Service/ServiceOrder/ServiceOrderHeader/ServiceOrderHeader.CostingProcessCont' is clicked on

2017-12-04 17:49:40 - [TEST_STEP][PASSED] - delay: Delayed 3 second(s)

2017-12-04 17:49:43 - [MESSAGE][PASSED] - Delayed 3 second(s)

2017-12-04 17:49:43 - [TEST_STEP][FAILED] - click: Unable to click on object 'Object Repository/Service/ServiceOrder/ServiceOrderHeader/ServiceOrderHeader.InvoiceCont' (Root cause: com.kms.katalon.core.webui.exception.WebElementNotFoundException: Web element with id: 'Object Repository/Service/ServiceOrder/ServiceOrderHeader/ServiceOrderHeader.InvoiceCont' located by 'By.xpath: //*[@id = 'dlg-tssoc2100m001-0-input-button-0-label']' not found)

2017-12-04 17:50:14 - [MESSAGE][FAILED] - Unable to click on object 'Object Repository/Service/ServiceOrder/ServiceOrderHeader/ServiceOrderHeader.InvoiceCont' (Root cause: com.kms.katalon.core.webui.exception.WebElementNotFoundException: Web element with id: 'Object Repository/Service/ServiceOrder/ServiceOrderHeader/ServiceOrderHeader.InvoiceCont' located by 'By.xpath: //*[@id = 'dlg-tssoc2100m001-0-input-button-0-label']' not found)
[[ATTACHMENT|C:\\Users\\agawhande\\git\\FlaglerCC\\Reports\\Flagler_ServiceInvoice_SplitTenderTestSuite\\20171204_174648\\1512390014667.png]]

2017-12-04 17:50:14 - [MESSAGE][FAILED] - Unable to call Test Case with id 'Test Cases/Service/BaseTestCases/Base_Service_HeaderInvoice_SplitTender' (Root cause: Call Test Case 'Test Cases/Service/BaseTestCases/Base_Service_HeaderInvoice_SplitTender' failed)

2017-12-04 17:50:14 - [TEST_STEP][FAILED] - callTestCase: Unable to call Test Case with id 'Test Cases/Service/BaseTestCases/Base_Service_GetInvoice_SplitTender' (Root cause: Call Test Case 'Test Cases/Service/BaseTestCases/Base_Service_GetInvoice_SplitTender' failed)

2017-12-04 17:50:15 - [TEST_CASE][FAILED] - Test Cases/Service/BaseTestCases/Base_Service_GetInvoice_SplitTender: Test Cases/Service/BaseTestCases/Base_Service_GetInvoice_SplitTender FAILED because (of) Unable to click on object 'Object Repository/Service/ServiceOrder/VerifyServiceOrderInvoice_SplitTender/ServiceOrderHeader.InvoiceButton' (Root cause: org.openqa.selenium.WebDriverException: Element <div tabindex="0" class="Button FormButton Transparent" id="tssoc2100m001-0-show.invoices" style="position: absolute; left: 1285px; top: 48px; overflow: hidden; width: 29px;"></div> is not clickable at point (1304, 191). Other element would receive the click: <div class="WindowManagerGlass" style="z-index: 1;"></div>
Command duration or timeout: 80 milliseconds
Build info: version: 'unknown', revision: 'unknown', time: 'unknown'
System info: host: 'ANIL110', ip: '192.168.25.228', os.name: 'Windows 7', os.arch: 'amd64', os.version: '6.1', java.version: '1.8.0_102'
Driver info: com.kms.katalon.core.webui.driver.firefox.CFirefoxDriver47
Capabilities [{applicationCacheEnabled=true, rotatable=false, handlesAlerts=true, databaseEnabled=true, version=56.0, platform=WINDOWS, nativeEvents=false, acceptSslCerts=true, webStorageEnabled=true, locationContextEnabled=true, browserName=firefox, takesScreenshot=true, javascriptEnabled=true, cssSelectorsEnabled=true}]
Session ID: 36ae64b0-e304-4429-8e83-3184438cc02e)

2017-12-04 17:50:15 - [TEST_STEP][PASSED] - delay: Delayed 3 second(s)

2017-12-04 17:50:18 - [MESSAGE][PASSED] - Delayed 3 second(s)

2017-12-04 17:50:18 - [TEST_STEP][PASSED] - click: Object: 'Object Repository/Service/ServiceOrder/VerifyServiceOrderInvoice_SplitTender/ServiceorderHeader.HeaderSession' is clicked on

2017-12-04 17:50:18 - [MESSAGE][PASSED] - Object: 'Object Repository/Service/ServiceOrder/VerifyServiceOrderInvoice_SplitTender/ServiceorderHeader.HeaderSession' is clicked on

2017-12-04 17:50:18 - [TEST_STEP][FAILED] - click: Unable to click on object 'Object Repository/Service/ServiceOrder/VerifyServiceOrderInvoice_SplitTender/ServiceOrderHeader.InvoiceButton' (Root cause: org.openqa.selenium.WebDriverException: Element <div tabindex="0" class="Button FormButton Transparent" id="tssoc2100m001-0-show.invoices" style="position: absolute; left: 1285px; top: 48px; overflow: hidden; width: 29px;"></div> is not clickable at point (1304, 191). Other element would receive the click: <div class="WindowManagerGlass" style="z-index: 1;"></div>
Command duration or timeout: 80 milliseconds
Build info: version: 'unknown', revision: 'unknown', time: 'unknown'
System info: host: 'ANIL110', ip: '192.168.25.228', os.name: 'Windows 7', os.arch: 'amd64', os.version: '6.1', java.version: '1.8.0_102'
Driver info: com.kms.katalon.core.webui.driver.firefox.CFirefoxDriver47
Capabilities [{applicationCacheEnabled=true, rotatable=false, handlesAlerts=true, databaseEnabled=true, version=56.0, platform=WINDOWS, nativeEvents=false, acceptSslCerts=true, webStorageEnabled=true, locationContextEnabled=true, browserName=firefox, takesScreenshot=true, javascriptEnabled=true, cssSelectorsEnabled=true}]
Session ID: 36ae64b0-e304-4429-8e83-3184438cc02e)

2017-12-04 17:50:18 - [MESSAGE][FAILED] - Unable to click on object 'Object Repository/Service/ServiceOrder/VerifyServiceOrderInvoice_SplitTender/ServiceOrderHeader.InvoiceButton' (Root cause: org.openqa.selenium.WebDriverException: Element <div tabindex="0" class="Button FormButton Transparent" id="tssoc2100m001-0-show.invoices" style="position: absolute; left: 1285px; top: 48px; overflow: hidden; width: 29px;"></div> is not clickable at point (1304, 191). Other element would receive the click: <div class="WindowManagerGlass" style="z-index: 1;"></div>
Command duration or timeout: 80 milliseconds
Build info: version: 'unknown', revision: 'unknown', time: 'unknown'
System info: host: 'ANIL110', ip: '192.168.25.228', os.name: 'Windows 7', os.arch: 'amd64', os.version: '6.1', java.version: '1.8.0_102'
Driver info: com.kms.katalon.core.webui.driver.firefox.CFirefoxDriver47
Capabilities [{applicationCacheEnabled=true, rotatable=false, handlesAlerts=true, databaseEnabled=true, version=56.0, platform=WINDOWS, nativeEvents=false, acceptSslCerts=true, webStorageEnabled=true, locationContextEnabled=true, browserName=firefox, takesScreenshot=true, javascriptEnabled=true, cssSelectorsEnabled=true}]
Session ID: 36ae64b0-e304-4429-8e83-3184438cc02e)
[[ATTACHMENT|C:\\Users\\agawhande\\git\\FlaglerCC\\Reports\\Flagler_ServiceInvoice_SplitTenderTestSuite\\20171204_174648\\1512390018457.png]]

2017-12-04 17:50:18 - [MESSAGE][FAILED] - Unable to call Test Case with id 'Test Cases/Service/BaseTestCases/Base_Service_GetInvoice_SplitTender' (Root cause: Call Test Case 'Test Cases/Service/BaseTestCases/Base_Service_GetInvoice_SplitTender' failed)

2017-12-04 17:50:18 - [TEST_STEP][FAILED] - callTestCase: Unable to call Test Case with id 'Test Cases/Finance/BaseTestCases/Base_Finance_CheckOpenEntriesForCCSplitPayments' (Root cause: Call Test Case 'Test Cases/Finance/BaseTestCases/Base_Finance_CheckOpenEntriesForCCSplitPayments' failed)

2017-12-04 17:50:18 - [TEST_CASE][FAILED] - Test Cases/Finance/BaseTestCases/Base_Finance_CheckOpenEntriesForCCSplitPayments: Test Cases/Finance/BaseTestCases/Base_Finance_CheckOpenEntriesForCCSplitPayments FAILED because (of) Unable to verify equal between actual object '100.65' and expected object '' (Root cause: Actual object '100.65' and expected object '' are not equal)

2017-12-04 17:50:19 - [TEST_STEP][PASSED] - callTestCase: Call Test Case 'Test Cases/Common/Base_Common_OpenSession' successfully

2017-12-04 17:50:19 - [TEST_CASE][PASSED] - Test Cases/Common/Base_Common_OpenSession: Test Cases/Common/Base_Common_OpenSession

2017-12-04 17:50:19 - [TEST_STEP][PASSED] - openBrowser: Browser is opened with url: 'http://baan:3Xtend27$13@192.168.20.241:8312/webui/servlet/login'

2017-12-04 17:50:19 - [MESSAGE][WARNING] - A browser is already opened. Closing browser and opening a new one

2017-12-04 17:50:27 - [MESSAGE][PASSED] - Browser is opened with url: 'http://baan:3Xtend27$13@192.168.20.241:8312/webui/servlet/login'

2017-12-04 17:50:27 - [TEST_STEP][PASSED] - waitForPageLoad: Wait for page load successfully

2017-12-04 17:50:27 - [MESSAGE][PASSED] - Wait for page load successfully

2017-12-04 17:50:27 - [TEST_STEP][PASSED] - maximizeWindow: Current window maximized

2017-12-04 17:50:27 - [MESSAGE][PASSED] - Current window maximized

2017-12-04 17:50:27 - [TEST_STEP][PASSED] - click: Object: 'Object Repository/Common/HomePage/HomePage_more' is clicked on

2017-12-04 17:50:31 - [MESSAGE][PASSED] - Object: 'Object Repository/Common/HomePage/HomePage_more' is clicked on

2017-12-04 17:50:31 - [TEST_STEP][PASSED] - click: Object: 'Object Repository/Common/HomePage/HomePage_Option' is clicked on

2017-12-04 17:50:32 - [MESSAGE][PASSED] - Object: 'Object Repository/Common/HomePage/HomePage_Option' is clicked on

2017-12-04 17:50:32 - [TEST_STEP][PASSED] - click: Object: 'Object Repository/Common/HomePage/HomePage_RunProgram_' is clicked on

2017-12-04 17:50:32 - [MESSAGE][PASSED] - Object: 'Object Repository/Common/HomePage/HomePage_RunProgram_' is clicked on

2017-12-04 17:50:32 - [TEST_STEP][PASSED] - sendKeys: Keys 'tfacr2520m000' sent to object: 'Object Repository/Common/HomePage/HomePage_Session_ID'

2017-12-04 17:50:32 - [MESSAGE][PASSED] - Keys 'tfacr2520m000' sent to object: 'Object Repository/Common/HomePage/HomePage_Session_ID'

2017-12-04 17:50:32 - [TEST_STEP][PASSED] - click: Object: 'Object Repository/Common/HomePage/HomePage_OkButton' is clicked on

2017-12-04 17:50:32 - [MESSAGE][PASSED] - Object: 'Object Repository/Common/HomePage/HomePage_OkButton' is clicked on

2017-12-04 17:50:32 - [MESSAGE][PASSED] - Call Test Case 'Test Cases/Common/Base_Common_OpenSession' successfully

2017-12-04 17:50:32 - [TEST_STEP][PASSED] - click: Object: 'Object Repository/Finance/BaseTestCases_OpenEntries_Service/OpenEntries_DocumentType' is clicked on

2017-12-04 17:50:38 - [MESSAGE][PASSED] - Object: 'Object Repository/Finance/BaseTestCases_OpenEntries_Service/OpenEntries_DocumentType' is clicked on

2017-12-04 17:50:38 - [TEST_STEP][PASSED] - click: Object: 'Object Repository/Finance/BaseTestCases_OpenEntries_Service/OpenEntries_DocumentNo' is clicked on

2017-12-04 17:50:38 - [MESSAGE][PASSED] - Object: 'Object Repository/Finance/BaseTestCases_OpenEntries_Service/OpenEntries_DocumentNo' is clicked on

2017-12-04 17:50:38 - [TEST_STEP][PASSED] - setText: Text '' is set on object 'Object Repository/Finance/BaseTestCases_OpenEntries_Service/OpenEntries_DocumentType'

2017-12-04 17:50:38 - [MESSAGE][PASSED] - Text '' is set on object 'Object Repository/Finance/BaseTestCases_OpenEntries_Service/OpenEntries_DocumentType'

2017-12-04 17:50:38 - [TEST_STEP][NOT_RUN] - sendKeys: NOT_RUN: sendKeys

2017-12-04 17:50:38 - [MESSAGE][NOT_RUN] - NOT_RUN: sendKeys

2017-12-04 17:50:38 - [TEST_STEP][NOT_RUN] - delay: NOT_RUN: delay

2017-12-04 17:50:38 - [MESSAGE][NOT_RUN] - NOT_RUN: delay

2017-12-04 17:50:38 - [TEST_STEP][PASSED] - setText: Text '' is set on object 'Object Repository/Finance/BaseTestCases_OpenEntries_Service/OpenEntries_DocumentNo'

2017-12-04 17:50:38 - [MESSAGE][PASSED] - Text '' is set on object 'Object Repository/Finance/BaseTestCases_OpenEntries_Service/OpenEntries_DocumentNo'

2017-12-04 17:50:38 - [TEST_STEP][NOT_RUN] - delay: NOT_RUN: delay

2017-12-04 17:50:38 - [MESSAGE][NOT_RUN] - NOT_RUN: delay

2017-12-04 17:50:38 - [TEST_STEP][NOT_RUN] - sendKeys: NOT_RUN: sendKeys

2017-12-04 17:50:38 - [MESSAGE][NOT_RUN] - NOT_RUN: sendKeys

2017-12-04 17:50:38 - [TEST_STEP][PASSED] - click: Object: 'Object Repository/Finance/BaseTestCases_OpenEntries_Service/OpenEntries_Action' is clicked on

2017-12-04 17:50:39 - [MESSAGE][PASSED] - Object: 'Object Repository/Finance/BaseTestCases_OpenEntries_Service/OpenEntries_Action' is clicked on

2017-12-04 17:50:39 - [TEST_STEP][PASSED] - click: Object: 'Object Repository/Finance/BaseTestCases_OpenEntries_Service/OpenEntries.FullyPaid' is clicked on

2017-12-04 17:50:39 - [MESSAGE][PASSED] - Object: 'Object Repository/Finance/BaseTestCases_OpenEntries_Service/OpenEntries.FullyPaid' is clicked on

2017-12-04 17:50:39 - [TEST_STEP][PASSED] - delay: Delayed 2 second(s)

2017-12-04 17:50:41 - [MESSAGE][PASSED] - Delayed 2 second(s)

2017-12-04 17:50:41 - [TEST_STEP][PASSED] - scrollToElement: Scroll to object 'Object Repository/Finance/BaseTestCases_OpenEntries_Service/OpenEntries.BalanceAmt' successfully

2017-12-04 17:50:41 - [MESSAGE][PASSED] - Scroll to object 'Object Repository/Finance/BaseTestCases_OpenEntries_Service/OpenEntries.BalanceAmt' successfully

2017-12-04 17:50:41 - [TEST_STEP][PASSED] - delay: Delayed 3 second(s)

2017-12-04 17:50:44 - [MESSAGE][PASSED] - Delayed 3 second(s)

2017-12-04 17:50:44 - [TEST_STEP][PASSED] - Statement - BalanceAmount = com.kms.katalon.core.webui.keyword.WebUiBuiltInKeywords.getText(com.kms.katalon.core.testobject.ObjectRepository.findTestObject(Finance/BaseTestCases_OpenEntries_Service/OpenEntries.BalanceAmt)): Text of object 'Object Repository/Finance/BaseTestCases_OpenEntries_Service/OpenEntries.BalanceAmt' is: '100.65'

2017-12-04 17:50:44 - [MESSAGE][PASSED] - Text of object 'Object Repository/Finance/BaseTestCases_OpenEntries_Service/OpenEntries.BalanceAmt' is: '100.65'

2017-12-04 17:50:44 - [TEST_STEP][FAILED] - verifyEqual: Unable to verify equal between actual object '100.65' and expected object '' (Root cause: Actual object '100.65' and expected object '' are not equal)

2017-12-04 17:50:44 - [MESSAGE][FAILED] - Unable to verify equal between actual object '100.65' and expected object '' (Root cause: Actual object '100.65' and expected object '' are not equal)

2017-12-04 17:50:44 - [MESSAGE][FAILED] - Unable to call Test Case with id 'Test Cases/Finance/BaseTestCases/Base_Finance_CheckOpenEntriesForCCSplitPayments' (Root cause: Call Test Case 'Test Cases/Finance/BaseTestCases/Base_Finance_CheckOpenEntriesForCCSplitPayments' failed)]]></system-out>
         <system-err><![CDATA[2017-12-04 17:46:57 - [TEST_CASE][FAILED] - Test Cases/Service/CreditCardRegression/TC002_Service_CreditCardSplitTender: Test Cases/Service/CreditCardRegression/TC002_Service_CreditCardSplitTender FAILED because (of) Unable to click on object 'Object Repository/Service/ServiceOrder/ServiceOrderHeader/ServiceOrderHeader.InvoiceCont' (Root cause: com.kms.katalon.core.webui.exception.WebElementNotFoundException: Web element with id: 'Object Repository/Service/ServiceOrder/ServiceOrderHeader/ServiceOrderHeader.InvoiceCont' located by 'By.xpath: //*[@id = 'dlg-tssoc2100m001-0-input-button-0-label']' not found)]]></system-err>
      </testcase>
      <system-out><![CDATA[2017-12-04 17:46:56 - [TEST_SUITE][FAILED] - Flagler_ServiceInvoice_SplitTenderTestSuite: Test Cases/Service/CreditCardRegression/TC002_Service_CreditCardSplitTender FAILED because (of) Unable to click on object 'Object Repository/Service/ServiceOrder/ServiceOrderHeader/ServiceOrderHeader.InvoiceCont' (Root cause: com.kms.katalon.core.webui.exception.WebElementNotFoundException: Web element with id: 'Object Repository/Service/ServiceOrder/ServiceOrderHeader/ServiceOrderHeader.InvoiceCont' located by 'By.xpath: //*[@id = 'dlg-tssoc2100m001-0-input-button-0-label']' not found)]]></system-out>
      <system-err><![CDATA[2017-12-04 17:46:56 - [TEST_SUITE][FAILED] - Flagler_ServiceInvoice_SplitTenderTestSuite: Test Cases/Service/CreditCardRegression/TC002_Service_CreditCardSplitTender FAILED because (of) Unable to click on object 'Object Repository/Service/ServiceOrder/ServiceOrderHeader/ServiceOrderHeader.InvoiceCont' (Root cause: com.kms.katalon.core.webui.exception.WebElementNotFoundException: Web element with id: 'Object Repository/Service/ServiceOrder/ServiceOrderHeader/ServiceOrderHeader.InvoiceCont' located by 'By.xpath: //*[@id = 'dlg-tssoc2100m001-0-input-button-0-label']' not found)]]></system-err>
   </testsuite>
</testsuites>
