<?xml version="1.0" encoding="UTF-8"?>
<testsuites name="Flagler_ServiceInvoice_SplitTenderTestSuite" time="334" tests="0" failures="1" errors="0">
   <testsuite name="Flagler_ServiceInvoice_SplitTenderTestSuite" tests="0" failures="1" errors="0" time="334" timestamp="2017-12-04 18:39:53" hostname="agawhande - ANIL110.e-emphasys.com" id="Test Suites/Flagler_ServiceInvoice_SplitTenderTestSuite">
      <properties>
         <property name="deviceName" value=""/>
         <property name="devicePlatform" value=""/>
         <property name="logFolder" value="C:\\Users\\agawhande\\git\\FlaglerCC\\Reports\\Flagler_ServiceInvoice_SplitTenderTestSuite\\20171204_183944"/>
         <property name="logFiles" value="C:\\Users\\agawhande\\git\\FlaglerCC\\Reports\\Flagler_ServiceInvoice_SplitTenderTestSuite\\20171204_183944\\execution0.log"/>
         <property name="attachments" value="C:\\Users\\agawhande\\git\\FlaglerCC\\Reports\\Flagler_ServiceInvoice_SplitTenderTestSuite\\20171204_183944\\1512393242066.png, C:\\Users\\agawhande\\git\\FlaglerCC\\Reports\\Flagler_ServiceInvoice_SplitTenderTestSuite\\20171204_183944\\1512393245861.png"/>
         <property name="hostName" value="agawhande - ANIL110.e-emphasys.com"/>
         <property name="os" value="Windows 7 64bit"/>
         <property name="katalonVersion" value="4.8.0.2"/>
         <property name="browser" value="Firefox 56.0"/>
         <property name="hostAddress" value="192.168.25.228"/>
         <property name="sessionId" value="9c0c24ab-0b13-471c-a34d-5c57165cb642"/>
         <property name="seleniumVersion" value="unknown"/>
         <property name="proxyInformation" value="ProxyInformation{proxyOption=NO_PROXY, proxyServerType=, password=, proxyServerAddress=, proxyServerPort=0}"/>
         <property name="platform" value="Windows 7"/>
      </properties>
      <testcase name="Test Cases/Service/CreditCardRegression/TC002_Service_CreditCardSplitTender" classname="Test Cases/Service/CreditCardRegression/TC002_Service_CreditCardSplitTender" status="FAILED">
         <failure type="FAILED" message="Unable to click on object 'Object Repository/Service/ServiceOrder/CreditCardSplitTender/SplitTender.LineCVV' (Root cause: com.kms.katalon.core.webui.exception.WebElementNotFoundException: Web element with id: 'Object Repository/Service/ServiceOrder/CreditCardSplitTender/SplitTender.LineCVV' located by 'By.xpath: //*[@id = 'xiext8105m000-33-grid-1-xiext805.cvv2.rq-15-0']' not found)"/>
         <system-out><![CDATA[2017-12-04 18:39:53 - [TEST_CASE][FAILED] - Test Cases/Service/CreditCardRegression/TC002_Service_CreditCardSplitTender: Test Cases/Service/CreditCardRegression/TC002_Service_CreditCardSplitTender FAILED because (of) Unable to click on object 'Object Repository/Service/ServiceOrder/CreditCardSplitTender/SplitTender.LineCVV' (Root cause: com.kms.katalon.core.webui.exception.WebElementNotFoundException: Web element with id: 'Object Repository/Service/ServiceOrder/CreditCardSplitTender/SplitTender.LineCVV' located by 'By.xpath: //*[@id = 'xiext8105m000-33-grid-1-xiext805.cvv2.rq-15-0']' not found)

2017-12-04 18:39:54 - [TEST_STEP][PASSED] - callTestCase: Call Test Case 'Test Cases/Service/BaseTestCases/Base_Service_CreateHeader' successfully

2017-12-04 18:39:55 - [TEST_CASE][PASSED] - Test Cases/Service/BaseTestCases/Base_Service_CreateHeader: Test Cases/Service/BaseTestCases/Base_Service_CreateHeader

2017-12-04 18:39:55 - [TEST_STEP][PASSED] - callTestCase: Call Test Case 'Test Cases/Common/Base_Common_OpenSession' successfully

2017-12-04 18:39:55 - [TEST_CASE][PASSED] - Test Cases/Common/Base_Common_OpenSession: Test Cases/Common/Base_Common_OpenSession

2017-12-04 18:39:56 - [TEST_STEP][PASSED] - openBrowser: Browser is opened with url: 'http://baan:3Xtend27$13@192.168.20.241:8312/webui/servlet/login'

2017-12-04 18:40:09 - [MESSAGE][PASSED] - Browser is opened with url: 'http://baan:3Xtend27$13@192.168.20.241:8312/webui/servlet/login'

2017-12-04 18:40:09 - [TEST_STEP][PASSED] - waitForPageLoad: Wait for page load successfully

2017-12-04 18:40:09 - [MESSAGE][PASSED] - Wait for page load successfully

2017-12-04 18:40:09 - [TEST_STEP][PASSED] - maximizeWindow: Current window maximized

2017-12-04 18:40:09 - [MESSAGE][PASSED] - Current window maximized

2017-12-04 18:40:09 - [TEST_STEP][PASSED] - click: Object: 'Object Repository/Common/HomePage/HomePage_more' is clicked on

2017-12-04 18:40:13 - [MESSAGE][PASSED] - Object: 'Object Repository/Common/HomePage/HomePage_more' is clicked on

2017-12-04 18:40:13 - [TEST_STEP][PASSED] - click: Object: 'Object Repository/Common/HomePage/HomePage_Option' is clicked on

2017-12-04 18:40:14 - [MESSAGE][PASSED] - Object: 'Object Repository/Common/HomePage/HomePage_Option' is clicked on

2017-12-04 18:40:14 - [TEST_STEP][PASSED] - click: Object: 'Object Repository/Common/HomePage/HomePage_RunProgram_' is clicked on

2017-12-04 18:40:14 - [MESSAGE][PASSED] - Object: 'Object Repository/Common/HomePage/HomePage_RunProgram_' is clicked on

2017-12-04 18:40:14 - [TEST_STEP][PASSED] - sendKeys: Keys 'tssoc2100m001' sent to object: 'Object Repository/Common/HomePage/HomePage_Session_ID'

2017-12-04 18:40:14 - [MESSAGE][PASSED] - Keys 'tssoc2100m001' sent to object: 'Object Repository/Common/HomePage/HomePage_Session_ID'

2017-12-04 18:40:14 - [TEST_STEP][PASSED] - click: Object: 'Object Repository/Common/HomePage/HomePage_OkButton' is clicked on

2017-12-04 18:40:14 - [MESSAGE][PASSED] - Object: 'Object Repository/Common/HomePage/HomePage_OkButton' is clicked on

2017-12-04 18:40:14 - [MESSAGE][PASSED] - Call Test Case 'Test Cases/Common/Base_Common_OpenSession' successfully

2017-12-04 18:40:14 - [TEST_STEP][PASSED] - click: Object: 'Object Repository/Service/ServiceOrder/ServiceOrderHeader/ServiceOrderHeader.Newbutton' is clicked on

2017-12-04 18:40:18 - [MESSAGE][PASSED] - Object: 'Object Repository/Service/ServiceOrder/ServiceOrderHeader/ServiceOrderHeader.Newbutton' is clicked on

2017-12-04 18:40:18 - [TEST_STEP][PASSED] - delay: Delayed 8 second(s)

2017-12-04 18:40:26 - [MESSAGE][PASSED] - Delayed 8 second(s)

2017-12-04 18:40:26 - [TEST_STEP][PASSED] - click: Object: 'Object Repository/Service/ServiceOrder/ServiceOrderHeader/ServiceOrderHeader.Customer' is clicked on

2017-12-04 18:40:26 - [MESSAGE][PASSED] - Object: 'Object Repository/Service/ServiceOrder/ServiceOrderHeader/ServiceOrderHeader.Customer' is clicked on

2017-12-04 18:40:26 - [TEST_STEP][PASSED] - delay: Delayed 2 second(s)

2017-12-04 18:40:28 - [MESSAGE][PASSED] - Delayed 2 second(s)

2017-12-04 18:40:28 - [TEST_STEP][PASSED] - sendKeys: Keys 'BP0009610' sent to object: 'Object Repository/Service/ServiceOrder/ServiceOrderHeader/ServiceOrderHeader.Customer'

2017-12-04 18:40:28 - [MESSAGE][PASSED] - Keys 'BP0009610' sent to object: 'Object Repository/Service/ServiceOrder/ServiceOrderHeader/ServiceOrderHeader.Customer'

2017-12-04 18:40:28 - [TEST_STEP][PASSED] - sendKeys: Keys '' sent to object: 'Object Repository/Service/ServiceOrder/ServiceOrderHeader/ServiceOrderHeader.Customer'

2017-12-04 18:40:28 - [MESSAGE][PASSED] - Keys '' sent to object: 'Object Repository/Service/ServiceOrder/ServiceOrderHeader/ServiceOrderHeader.Customer'

2017-12-04 18:40:28 - [TEST_STEP][PASSED] - delay: Delayed 3 second(s)

2017-12-04 18:40:31 - [MESSAGE][PASSED] - Delayed 3 second(s)

2017-12-04 18:40:31 - [TEST_STEP][PASSED] - click: Object: 'Object Repository/Service/ServiceOrder/ServiceOrderHeader/ServiceOrderHeader.Unit' is clicked on

2017-12-04 18:40:31 - [MESSAGE][PASSED] - Object: 'Object Repository/Service/ServiceOrder/ServiceOrderHeader/ServiceOrderHeader.Unit' is clicked on

2017-12-04 18:40:32 - [TEST_STEP][PASSED] - delay: Delayed 2 second(s)

2017-12-04 18:40:34 - [MESSAGE][PASSED] - Delayed 2 second(s)

2017-12-04 18:40:34 - [TEST_STEP][PASSED] - sendKeys: Keys 'EQ0128249' sent to object: 'Object Repository/Service/ServiceOrder/ServiceOrderHeader/ServiceOrderHeader.Unit'

2017-12-04 18:40:34 - [MESSAGE][PASSED] - Keys 'EQ0128249' sent to object: 'Object Repository/Service/ServiceOrder/ServiceOrderHeader/ServiceOrderHeader.Unit'

2017-12-04 18:40:34 - [TEST_STEP][PASSED] - delay: Delayed 5 second(s)

2017-12-04 18:40:39 - [MESSAGE][PASSED] - Delayed 5 second(s)

2017-12-04 18:40:39 - [TEST_STEP][PASSED] - click: Object: 'Object Repository/Service/ServiceOrder/ServiceOrderHeader/ServiceOrderHeader.Save' is clicked on

2017-12-04 18:40:39 - [MESSAGE][PASSED] - Object: 'Object Repository/Service/ServiceOrder/ServiceOrderHeader/ServiceOrderHeader.Save' is clicked on

2017-12-04 18:40:39 - [TEST_STEP][PASSED] - delay: Delayed 2 second(s)

2017-12-04 18:40:41 - [MESSAGE][PASSED] - Delayed 2 second(s)

2017-12-04 18:40:41 - [TEST_STEP][PASSED] - click: Object: 'Object Repository/Service/ServiceOrder/ServiceOrderHeader/ServiceOrderHeader.Warning' is clicked on

2017-12-04 18:40:41 - [MESSAGE][PASSED] - Object: 'Object Repository/Service/ServiceOrder/ServiceOrderHeader/ServiceOrderHeader.Warning' is clicked on

2017-12-04 18:40:41 - [TEST_STEP][PASSED] - delay: Delayed 3 second(s)

2017-12-04 18:40:44 - [MESSAGE][PASSED] - Delayed 3 second(s)

2017-12-04 18:40:44 - [TEST_STEP][PASSED] - click: Object: 'Object Repository/Service/ServiceOrder/ServiceOrderHeader/ServiceOrderHeader.PaymentMode' is clicked on

2017-12-04 18:40:44 - [MESSAGE][PASSED] - Object: 'Object Repository/Service/ServiceOrder/ServiceOrderHeader/ServiceOrderHeader.PaymentMode' is clicked on

2017-12-04 18:40:44 - [TEST_STEP][PASSED] - click: Object: 'Object Repository/Service/ServiceOrder/ServiceOrderHeader/ServiceOrderHeader.CreditCardoption' is clicked on

2017-12-04 18:40:44 - [MESSAGE][PASSED] - Object: 'Object Repository/Service/ServiceOrder/ServiceOrderHeader/ServiceOrderHeader.CreditCardoption' is clicked on

2017-12-04 18:40:44 - [TEST_STEP][PASSED] - delay: Delayed 5 second(s)

2017-12-04 18:40:49 - [MESSAGE][PASSED] - Delayed 5 second(s)

2017-12-04 18:40:49 - [TEST_STEP][NOT_RUN] - setText: NOT_RUN: setText

2017-12-04 18:40:49 - [MESSAGE][NOT_RUN] - NOT_RUN: setText

2017-12-04 18:40:49 - [TEST_STEP][PASSED] - click: Object: 'Object Repository/Service/ServiceOrder/ServiceOrderHeader/ServiceOrderHeader.Save' is clicked on

2017-12-04 18:40:50 - [MESSAGE][PASSED] - Object: 'Object Repository/Service/ServiceOrder/ServiceOrderHeader/ServiceOrderHeader.Save' is clicked on

2017-12-04 18:40:50 - [TEST_STEP][PASSED] - delay: Delayed 5 second(s)

2017-12-04 18:40:55 - [MESSAGE][PASSED] - Delayed 5 second(s)

2017-12-04 18:40:55 - [TEST_STEP][PASSED] - Statement - SWOOrderNo = com.kms.katalon.core.webui.keyword.WebUiBuiltInKeywords.getAttribute(com.kms.katalon.core.testobject.ObjectRepository.findTestObject(Service/ServiceOrder/ServiceOrderHeader/ServiceOrderHeader.OrderNo), "value"): Attribute 'value' of object 'Object Repository/Service/ServiceOrder/ServiceOrderHeader/ServiceOrderHeader.OrderNo' is: 'SWO011879'

2017-12-04 18:40:55 - [MESSAGE][PASSED] - Attribute 'value' of object 'Object Repository/Service/ServiceOrder/ServiceOrderHeader/ServiceOrderHeader.OrderNo' is: 'SWO011879'

2017-12-04 18:40:55 - [TEST_STEP][PASSED] - verifyNotEqual: Actual object 'SWO011879' and expected object '' are not equal

2017-12-04 18:40:55 - [MESSAGE][PASSED] - Actual object 'SWO011879' and expected object '' are not equal

2017-12-04 18:40:55 - [TEST_STEP][PASSED] - delay: Delayed 5 second(s)

2017-12-04 18:41:00 - [MESSAGE][PASSED] - Delayed 5 second(s)

2017-12-04 18:41:00 - [TEST_STEP][PASSED] - click: Object: 'Object Repository/Service/ServiceOrder/ServiceOrderHeader/ServiceOrderHeader.Actions' is clicked on

2017-12-04 18:41:00 - [MESSAGE][PASSED] - Object: 'Object Repository/Service/ServiceOrder/ServiceOrderHeader/ServiceOrderHeader.Actions' is clicked on

2017-12-04 18:41:00 - [TEST_STEP][PASSED] - delay: Delayed 3 second(s)

2017-12-04 18:41:03 - [MESSAGE][PASSED] - Delayed 3 second(s)

2017-12-04 18:41:03 - [TEST_STEP][PASSED] - click: Object: 'Object Repository/Service/ServiceOrder/ServiceOrderHeader/ServiceOrderHeader.Segments' is clicked on

2017-12-04 18:41:03 - [MESSAGE][PASSED] - Object: 'Object Repository/Service/ServiceOrder/ServiceOrderHeader/ServiceOrderHeader.Segments' is clicked on

2017-12-04 18:41:03 - [TEST_STEP][PASSED] - delay: Delayed 3 second(s)

2017-12-04 18:41:06 - [MESSAGE][PASSED] - Delayed 3 second(s)

2017-12-04 18:41:06 - [MESSAGE][PASSED] - Call Test Case 'Test Cases/Service/BaseTestCases/Base_Service_CreateHeader' successfully

2017-12-04 18:41:06 - [TEST_STEP][PASSED] - callTestCase: Call Test Case 'Test Cases/Service/BaseTestCases/Base_Service_AddSegment' successfully

2017-12-04 18:41:06 - [TEST_CASE][PASSED] - Test Cases/Service/BaseTestCases/Base_Service_AddSegment: Test Cases/Service/BaseTestCases/Base_Service_AddSegment

2017-12-04 18:41:06 - [TEST_STEP][PASSED] - click: Object: 'Object Repository/Service/ServiceOrder/ServiceOrderSegment/ServiceOrderSegment.ServiceType' is clicked on

2017-12-04 18:41:07 - [MESSAGE][PASSED] - Object: 'Object Repository/Service/ServiceOrder/ServiceOrderSegment/ServiceOrderSegment.ServiceType' is clicked on

2017-12-04 18:41:07 - [TEST_STEP][PASSED] - delay: Delayed 4 second(s)

2017-12-04 18:41:11 - [MESSAGE][PASSED] - Delayed 4 second(s)

2017-12-04 18:41:11 - [TEST_STEP][PASSED] - setText: Text 'ABC' is set on object 'Object Repository/Service/ServiceOrder/ServiceOrderSegment/ServiceOrderSegment.ServiceType'

2017-12-04 18:41:11 - [MESSAGE][PASSED] - Text 'ABC' is set on object 'Object Repository/Service/ServiceOrder/ServiceOrderSegment/ServiceOrderSegment.ServiceType'

2017-12-04 18:41:11 - [TEST_STEP][NOT_RUN] - sendKeys: NOT_RUN: sendKeys

2017-12-04 18:41:11 - [MESSAGE][NOT_RUN] - NOT_RUN: sendKeys

2017-12-04 18:41:11 - [TEST_STEP][PASSED] - delay: Delayed 3 second(s)

2017-12-04 18:41:14 - [MESSAGE][PASSED] - Delayed 3 second(s)

2017-12-04 18:41:14 - [TEST_STEP][PASSED] - click: Object: 'Object Repository/Service/ServiceOrder/ServiceOrderSegment/ServiceOrderSegment.OthersTab' is clicked on

2017-12-04 18:41:14 - [MESSAGE][PASSED] - Object: 'Object Repository/Service/ServiceOrder/ServiceOrderSegment/ServiceOrderSegment.OthersTab' is clicked on

2017-12-04 18:41:14 - [TEST_STEP][PASSED] - delay: Delayed 3 second(s)

2017-12-04 18:41:17 - [MESSAGE][PASSED] - Delayed 3 second(s)

2017-12-04 18:41:17 - [TEST_STEP][PASSED] - click: Object: 'Object Repository/Service/ServiceOrder/ServiceOrderSegment/ServiceOrderSegment.Priority' is clicked on

2017-12-04 18:41:17 - [MESSAGE][PASSED] - Object: 'Object Repository/Service/ServiceOrder/ServiceOrderSegment/ServiceOrderSegment.Priority' is clicked on

2017-12-04 18:41:17 - [TEST_STEP][PASSED] - delay: Delayed 3 second(s)

2017-12-04 18:41:20 - [MESSAGE][PASSED] - Delayed 3 second(s)

2017-12-04 18:41:20 - [TEST_STEP][PASSED] - sendKeys: Keys '1' sent to object: 'Object Repository/Service/ServiceOrder/ServiceOrderSegment/ServiceOrderSegment.Priority'

2017-12-04 18:41:20 - [MESSAGE][PASSED] - Keys '1' sent to object: 'Object Repository/Service/ServiceOrder/ServiceOrderSegment/ServiceOrderSegment.Priority'

2017-12-04 18:41:20 - [TEST_STEP][PASSED] - delay: Delayed 3 second(s)

2017-12-04 18:41:23 - [MESSAGE][PASSED] - Delayed 3 second(s)

2017-12-04 18:41:23 - [TEST_STEP][PASSED] - click: Object: 'Object Repository/Service/ServiceOrder/ServiceOrderSegment/ServiceOrderSegment.Save' is clicked on

2017-12-04 18:41:24 - [MESSAGE][PASSED] - Object: 'Object Repository/Service/ServiceOrder/ServiceOrderSegment/ServiceOrderSegment.Save' is clicked on

2017-12-04 18:41:24 - [TEST_STEP][PASSED] - delay: Delayed 10 second(s)

2017-12-04 18:41:34 - [MESSAGE][PASSED] - Delayed 10 second(s)

2017-12-04 18:41:34 - [TEST_STEP][PASSED] - click: Object: 'Object Repository/Service/ServiceOrder/ServiceOrderSegment/ServiceOrderSegment.Action' is clicked on

2017-12-04 18:41:34 - [MESSAGE][PASSED] - Object: 'Object Repository/Service/ServiceOrder/ServiceOrderSegment/ServiceOrderSegment.Action' is clicked on

2017-12-04 18:41:34 - [TEST_STEP][PASSED] - delay: Delayed 2 second(s)

2017-12-04 18:41:36 - [MESSAGE][PASSED] - Delayed 2 second(s)

2017-12-04 18:41:36 - [TEST_STEP][PASSED] - click: Object: 'Object Repository/Service/ServiceOrder/ServiceOrderSegment/ServiceOrderSegment.Release' is clicked on

2017-12-04 18:41:36 - [MESSAGE][PASSED] - Object: 'Object Repository/Service/ServiceOrder/ServiceOrderSegment/ServiceOrderSegment.Release' is clicked on

2017-12-04 18:41:36 - [TEST_STEP][PASSED] - delay: Delayed 5 second(s)

2017-12-04 18:41:41 - [MESSAGE][PASSED] - Delayed 5 second(s)

2017-12-04 18:41:41 - [TEST_STEP][NOT_RUN] - click: NOT_RUN: click

2017-12-04 18:41:41 - [MESSAGE][NOT_RUN] - NOT_RUN: click

2017-12-04 18:41:41 - [TEST_STEP][NOT_RUN] - click: NOT_RUN: click

2017-12-04 18:41:41 - [MESSAGE][NOT_RUN] - NOT_RUN: click

2017-12-04 18:41:41 - [TEST_STEP][NOT_RUN] - delay: NOT_RUN: delay

2017-12-04 18:41:41 - [MESSAGE][NOT_RUN] - NOT_RUN: delay

2017-12-04 18:41:41 - [TEST_STEP][NOT_RUN] - setText: NOT_RUN: setText

2017-12-04 18:41:41 - [MESSAGE][NOT_RUN] - NOT_RUN: setText

2017-12-04 18:41:41 - [TEST_STEP][NOT_RUN] - sendKeys: NOT_RUN: sendKeys

2017-12-04 18:41:41 - [MESSAGE][NOT_RUN] - NOT_RUN: sendKeys

2017-12-04 18:41:41 - [TEST_STEP][NOT_RUN] - delay: NOT_RUN: delay

2017-12-04 18:41:41 - [MESSAGE][NOT_RUN] - NOT_RUN: delay

2017-12-04 18:41:41 - [TEST_STEP][NOT_RUN] - click: NOT_RUN: click

2017-12-04 18:41:41 - [MESSAGE][NOT_RUN] - NOT_RUN: click

2017-12-04 18:41:41 - [TEST_STEP][NOT_RUN] - delay: NOT_RUN: delay

2017-12-04 18:41:41 - [MESSAGE][NOT_RUN] - NOT_RUN: delay

2017-12-04 18:41:41 - [TEST_STEP][PASSED] - click: Object: 'Object Repository/Service/ServiceOrder/ServiceOrderSegment/ServiceOrderSegment.Action' is clicked on

2017-12-04 18:41:41 - [MESSAGE][PASSED] - Object: 'Object Repository/Service/ServiceOrder/ServiceOrderSegment/ServiceOrderSegment.Action' is clicked on

2017-12-04 18:41:41 - [TEST_STEP][PASSED] - delay: Delayed 3 second(s)

2017-12-04 18:41:44 - [MESSAGE][PASSED] - Delayed 3 second(s)

2017-12-04 18:41:44 - [MESSAGE][PASSED] - Call Test Case 'Test Cases/Service/BaseTestCases/Base_Service_AddSegment' successfully

2017-12-04 18:41:44 - [TEST_STEP][PASSED] - callTestCase: Call Test Case 'Test Cases/Service/BaseTestCases/Base_Service_Add Others' successfully

2017-12-04 18:41:45 - [TEST_CASE][PASSED] - Test Cases/Service/BaseTestCases/Base_Service_Add Others: Test Cases/Service/BaseTestCases/Base_Service_Add Others

2017-12-04 18:41:45 - [TEST_STEP][PASSED] - click: Object: 'Object Repository/Service/ServiceOrder/ServiceOrderSegment/ServiceOrderSegment.Others' is clicked on

2017-12-04 18:41:45 - [MESSAGE][PASSED] - Object: 'Object Repository/Service/ServiceOrder/ServiceOrderSegment/ServiceOrderSegment.Others' is clicked on

2017-12-04 18:41:45 - [TEST_STEP][PASSED] - delay: Delayed 10 second(s)

2017-12-04 18:41:55 - [MESSAGE][PASSED] - Delayed 10 second(s)

2017-12-04 18:41:55 - [TEST_STEP][PASSED] - click: Object: 'Object Repository/Service/ServiceOrder/ServiceOrderSegment/ServiceOrderSegment.OthersNew' is clicked on

2017-12-04 18:41:55 - [MESSAGE][PASSED] - Object: 'Object Repository/Service/ServiceOrder/ServiceOrderSegment/ServiceOrderSegment.OthersNew' is clicked on

2017-12-04 18:41:55 - [TEST_STEP][PASSED] - delay: Delayed 5 second(s)

2017-12-04 18:42:00 - [MESSAGE][PASSED] - Delayed 5 second(s)

2017-12-04 18:42:00 - [TEST_STEP][PASSED] - click: Object: 'Object Repository/Service/ServiceOrder/ServiceOrderSegment/ServiceOrderSegment.OthersCostComp' is clicked on

2017-12-04 18:42:00 - [MESSAGE][PASSED] - Object: 'Object Repository/Service/ServiceOrder/ServiceOrderSegment/ServiceOrderSegment.OthersCostComp' is clicked on

2017-12-04 18:42:00 - [TEST_STEP][PASSED] - delay: Delayed 2 second(s)

2017-12-04 18:42:02 - [MESSAGE][PASSED] - Delayed 2 second(s)

2017-12-04 18:42:02 - [TEST_STEP][PASSED] - setText: Text 'MIL' is set on object 'Object Repository/Service/ServiceOrder/ServiceOrderSegment/ServiceOrderSegment.OthersCostComp'

2017-12-04 18:42:03 - [MESSAGE][PASSED] - Text 'MIL' is set on object 'Object Repository/Service/ServiceOrder/ServiceOrderSegment/ServiceOrderSegment.OthersCostComp'

2017-12-04 18:42:03 - [TEST_STEP][PASSED] - delay: Delayed 5 second(s)

2017-12-04 18:42:08 - [MESSAGE][PASSED] - Delayed 5 second(s)

2017-12-04 18:42:08 - [TEST_STEP][PASSED] - scrollToElement: Scroll to object 'Object Repository/Service/ServiceOrder/ServiceOrderSegment/ServiceOrderSegment.Actual Qty' successfully

2017-12-04 18:42:08 - [MESSAGE][PASSED] - Scroll to object 'Object Repository/Service/ServiceOrder/ServiceOrderSegment/ServiceOrderSegment.Actual Qty' successfully

2017-12-04 18:42:08 - [TEST_STEP][PASSED] - click: Object: 'Object Repository/Service/ServiceOrder/ServiceOrderSegment/ServiceOrderSegment.Actual Qty' is clicked on

2017-12-04 18:42:08 - [MESSAGE][PASSED] - Object: 'Object Repository/Service/ServiceOrder/ServiceOrderSegment/ServiceOrderSegment.Actual Qty' is clicked on

2017-12-04 18:42:08 - [TEST_STEP][PASSED] - delay: Delayed 2 second(s)

2017-12-04 18:42:10 - [MESSAGE][PASSED] - Delayed 2 second(s)

2017-12-04 18:42:10 - [TEST_STEP][PASSED] - sendKeys: Keys '2' sent to object: 'Object Repository/Service/ServiceOrder/ServiceOrderSegment/ServiceOrderSegment.Actual Qty'

2017-12-04 18:42:10 - [MESSAGE][PASSED] - Keys '2' sent to object: 'Object Repository/Service/ServiceOrder/ServiceOrderSegment/ServiceOrderSegment.Actual Qty'

2017-12-04 18:42:10 - [TEST_STEP][PASSED] - delay: Delayed 5 second(s)

2017-12-04 18:42:15 - [MESSAGE][PASSED] - Delayed 5 second(s)

2017-12-04 18:42:15 - [TEST_STEP][NOT_RUN] - click: NOT_RUN: click

2017-12-04 18:42:15 - [MESSAGE][NOT_RUN] - NOT_RUN: click

2017-12-04 18:42:15 - [TEST_STEP][PASSED] - click: Object: 'Object Repository/Service/ServiceOrder/ServiceOrderSegment/ServiceOrderSegmentOthers.SaveClose' is clicked on

2017-12-04 18:42:15 - [MESSAGE][PASSED] - Object: 'Object Repository/Service/ServiceOrder/ServiceOrderSegment/ServiceOrderSegmentOthers.SaveClose' is clicked on

2017-12-04 18:42:15 - [TEST_STEP][PASSED] - delay: Delayed 5 second(s)

2017-12-04 18:42:20 - [MESSAGE][PASSED] - Delayed 5 second(s)

2017-12-04 18:42:20 - [TEST_STEP][PASSED] - click: Object: 'Object Repository/Service/ServiceOrder/ServiceOrderSegment/ServiceOrderSegment.SaveClose' is clicked on

2017-12-04 18:42:21 - [MESSAGE][PASSED] - Object: 'Object Repository/Service/ServiceOrder/ServiceOrderSegment/ServiceOrderSegment.SaveClose' is clicked on

2017-12-04 18:42:21 - [MESSAGE][PASSED] - Call Test Case 'Test Cases/Service/BaseTestCases/Base_Service_Add Others' successfully

2017-12-04 18:42:21 - [TEST_STEP][FAILED] - callTestCase: Unable to call Test Case with id 'Test Cases/Service/BaseTestCases/Base_Service_HeaderInvoice_SplitTender' (Root cause: Call Test Case 'Test Cases/Service/BaseTestCases/Base_Service_HeaderInvoice_SplitTender' failed)

2017-12-04 18:42:21 - [TEST_CASE][FAILED] - Test Cases/Service/BaseTestCases/Base_Service_HeaderInvoice_SplitTender: Test Cases/Service/BaseTestCases/Base_Service_HeaderInvoice_SplitTender FAILED because (of) Unable to click on object 'Object Repository/Service/ServiceOrder/CreditCardSplitTender/SplitTender.LineCVV' (Root cause: com.kms.katalon.core.webui.exception.WebElementNotFoundException: Web element with id: 'Object Repository/Service/ServiceOrder/CreditCardSplitTender/SplitTender.LineCVV' located by 'By.xpath: //*[@id = 'xiext8105m000-33-grid-1-xiext805.cvv2.rq-15-0']' not found)

2017-12-04 18:42:21 - [TEST_STEP][PASSED] - delay: Delayed 5 second(s)

2017-12-04 18:42:26 - [MESSAGE][PASSED] - Delayed 5 second(s)

2017-12-04 18:42:26 - [TEST_STEP][PASSED] - click: Object: 'Object Repository/Service/ServiceOrder/ServiceOrderHeader/ServiceOrderHeader.Actions' is clicked on

2017-12-04 18:42:26 - [MESSAGE][PASSED] - Object: 'Object Repository/Service/ServiceOrder/ServiceOrderHeader/ServiceOrderHeader.Actions' is clicked on

2017-12-04 18:42:26 - [TEST_STEP][PASSED] - delay: Delayed 3 second(s)

2017-12-04 18:42:29 - [MESSAGE][PASSED] - Delayed 3 second(s)

2017-12-04 18:42:29 - [TEST_STEP][PASSED] - click: Object: 'Object Repository/Service/ServiceOrder/ServiceOrderHeader/ServiceOrderHeader.Costing' is clicked on

2017-12-04 18:42:30 - [MESSAGE][PASSED] - Object: 'Object Repository/Service/ServiceOrder/ServiceOrderHeader/ServiceOrderHeader.Costing' is clicked on

2017-12-04 18:42:30 - [TEST_STEP][PASSED] - delay: Delayed 5 second(s)

2017-12-04 18:42:35 - [MESSAGE][PASSED] - Delayed 5 second(s)

2017-12-04 18:42:35 - [TEST_STEP][NOT_RUN] - click: NOT_RUN: click

2017-12-04 18:42:35 - [MESSAGE][NOT_RUN] - NOT_RUN: click

2017-12-04 18:42:35 - [TEST_STEP][PASSED] - delay: Delayed 3 second(s)

2017-12-04 18:42:38 - [MESSAGE][PASSED] - Delayed 3 second(s)

2017-12-04 18:42:38 - [TEST_STEP][PASSED] - click: Object: 'Object Repository/Service/ServiceOrder/ServiceOrderHeader/ServiceOrderHeader.CostingProcessCont' is clicked on

2017-12-04 18:42:38 - [MESSAGE][PASSED] - Object: 'Object Repository/Service/ServiceOrder/ServiceOrderHeader/ServiceOrderHeader.CostingProcessCont' is clicked on

2017-12-04 18:42:38 - [TEST_STEP][PASSED] - delay: Delayed 3 second(s)

2017-12-04 18:42:41 - [MESSAGE][PASSED] - Delayed 3 second(s)

2017-12-04 18:42:41 - [TEST_STEP][PASSED] - click: Object: 'Object Repository/Service/ServiceOrder/ServiceOrderHeader/ServiceOrderHeader.InvoiceCont' is clicked on

2017-12-04 18:42:41 - [MESSAGE][PASSED] - Object: 'Object Repository/Service/ServiceOrder/ServiceOrderHeader/ServiceOrderHeader.InvoiceCont' is clicked on

2017-12-04 18:42:41 - [TEST_STEP][PASSED] - delay: Delayed 10 second(s)

2017-12-04 18:42:51 - [MESSAGE][PASSED] - Delayed 10 second(s)

2017-12-04 18:42:51 - [TEST_STEP][NOT_RUN] - waitForElementPresent: NOT_RUN: waitForElementPresent

2017-12-04 18:42:51 - [MESSAGE][NOT_RUN] - NOT_RUN: waitForElementPresent

2017-12-04 18:42:51 - [TEST_STEP][NOT_RUN] - doubleClick: NOT_RUN: doubleClick

2017-12-04 18:42:51 - [MESSAGE][NOT_RUN] - NOT_RUN: doubleClick

2017-12-04 18:42:51 - [TEST_STEP][NOT_RUN] - delay: NOT_RUN: delay

2017-12-04 18:42:51 - [MESSAGE][NOT_RUN] - NOT_RUN: delay

2017-12-04 18:42:51 - [TEST_STEP][NOT_RUN] - click: NOT_RUN: click

2017-12-04 18:42:51 - [MESSAGE][NOT_RUN] - NOT_RUN: click

2017-12-04 18:42:51 - [TEST_STEP][PASSED] - delay: Delayed 2 second(s)

2017-12-04 18:42:53 - [MESSAGE][PASSED] - Delayed 2 second(s)

2017-12-04 18:42:53 - [TEST_STEP][PASSED] - setText: Text 'GLOBAL' is set on object 'Object Repository/Service/ServiceOrder/ServiceCreditCard/ServiceCreditCard.PaymentGateway'

2017-12-04 18:42:53 - [MESSAGE][PASSED] - Text 'GLOBAL' is set on object 'Object Repository/Service/ServiceOrder/ServiceCreditCard/ServiceCreditCard.PaymentGateway'

2017-12-04 18:42:53 - [TEST_STEP][NOT_RUN] - sendKeys: NOT_RUN: sendKeys

2017-12-04 18:42:53 - [MESSAGE][NOT_RUN] - NOT_RUN: sendKeys

2017-12-04 18:42:53 - [TEST_STEP][PASSED] - doubleClick: Object: 'Object Repository/Service/ServiceOrder/ServiceCreditCard/ServiceCreditCard.CardType' is double clicked on

2017-12-04 18:42:54 - [MESSAGE][PASSED] - Object: 'Object Repository/Service/ServiceOrder/ServiceCreditCard/ServiceCreditCard.CardType' is double clicked on

2017-12-04 18:42:54 - [TEST_STEP][PASSED] - setText: Text 'DEBIT MASTERCARD' is set on object 'Object Repository/Service/ServiceOrder/ServiceCreditCard/ServiceCreditCard.CardType'

2017-12-04 18:42:54 - [MESSAGE][PASSED] - Text 'DEBIT MASTERCARD' is set on object 'Object Repository/Service/ServiceOrder/ServiceCreditCard/ServiceCreditCard.CardType'

2017-12-04 18:42:54 - [TEST_STEP][PASSED] - delay: Delayed 2 second(s)

2017-12-04 18:42:56 - [MESSAGE][PASSED] - Delayed 2 second(s)

2017-12-04 18:42:56 - [TEST_STEP][PASSED] - doubleClick: Object: 'Object Repository/Service/ServiceOrder/ServiceCreditCard/ServiceCreditCard.Enter CC No' is double clicked on

2017-12-04 18:42:56 - [MESSAGE][PASSED] - Object: 'Object Repository/Service/ServiceOrder/ServiceCreditCard/ServiceCreditCard.Enter CC No' is double clicked on

2017-12-04 18:42:56 - [TEST_STEP][PASSED] - delay: Delayed 3 second(s)

2017-12-04 18:42:59 - [MESSAGE][PASSED] - Delayed 3 second(s)

2017-12-04 18:42:59 - [TEST_STEP][PASSED] - sendKeys: Keys '5100270000000007' sent to object: 'Object Repository/Service/ServiceOrder/ServiceCreditCard/ServiceCreditCard.Enter CC No'

2017-12-04 18:42:59 - [MESSAGE][PASSED] - Keys '5100270000000007' sent to object: 'Object Repository/Service/ServiceOrder/ServiceCreditCard/ServiceCreditCard.Enter CC No'

2017-12-04 18:42:59 - [TEST_STEP][PASSED] - delay: Delayed 2 second(s)

2017-12-04 18:43:01 - [MESSAGE][PASSED] - Delayed 2 second(s)

2017-12-04 18:43:01 - [TEST_STEP][PASSED] - click: Object: 'Object Repository/Service/ServiceOrder/ServiceCreditCard/ServiceCreditCard.CVV2' is clicked on

2017-12-04 18:43:01 - [MESSAGE][PASSED] - Object: 'Object Repository/Service/ServiceOrder/ServiceCreditCard/ServiceCreditCard.CVV2' is clicked on

2017-12-04 18:43:01 - [TEST_STEP][PASSED] - delay: Delayed 2 second(s)

2017-12-04 18:43:03 - [MESSAGE][PASSED] - Delayed 2 second(s)

2017-12-04 18:43:03 - [TEST_STEP][PASSED] - setText: Text '456' is set on object 'Object Repository/Service/ServiceOrder/ServiceCreditCard/ServiceCreditCard.CVV2'

2017-12-04 18:43:04 - [MESSAGE][PASSED] - Text '456' is set on object 'Object Repository/Service/ServiceOrder/ServiceCreditCard/ServiceCreditCard.CVV2'

2017-12-04 18:43:04 - [TEST_STEP][NOT_RUN] - sendKeys: NOT_RUN: sendKeys

2017-12-04 18:43:04 - [MESSAGE][NOT_RUN] - NOT_RUN: sendKeys

2017-12-04 18:43:04 - [TEST_STEP][NOT_RUN] - delay: NOT_RUN: delay

2017-12-04 18:43:04 - [MESSAGE][NOT_RUN] - NOT_RUN: delay

2017-12-04 18:43:04 - [TEST_STEP][PASSED] - delay: Delayed 3 second(s)

2017-12-04 18:43:07 - [MESSAGE][PASSED] - Delayed 3 second(s)

2017-12-04 18:43:07 - [TEST_STEP][PASSED] - setText: Text '09' is set on object 'Object Repository/Service/ServiceOrder/ServiceCreditCard/ServiceCreditCard.ExpiryMonth'

2017-12-04 18:43:07 - [MESSAGE][PASSED] - Text '09' is set on object 'Object Repository/Service/ServiceOrder/ServiceCreditCard/ServiceCreditCard.ExpiryMonth'

2017-12-04 18:43:07 - [TEST_STEP][PASSED] - delay: Delayed 2 second(s)

2017-12-04 18:43:09 - [MESSAGE][PASSED] - Delayed 2 second(s)

2017-12-04 18:43:09 - [TEST_STEP][PASSED] - setText: Text '99' is set on object 'Object Repository/Service/ServiceOrder/ServiceCreditCard/ServiceCreditCard.ExpiryYear'

2017-12-04 18:43:09 - [MESSAGE][PASSED] - Text '99' is set on object 'Object Repository/Service/ServiceOrder/ServiceCreditCard/ServiceCreditCard.ExpiryYear'

2017-12-04 18:43:09 - [TEST_STEP][PASSED] - delay: Delayed 2 second(s)

2017-12-04 18:43:11 - [MESSAGE][PASSED] - Delayed 2 second(s)

2017-12-04 18:43:11 - [TEST_STEP][PASSED] - click: Object: 'Object Repository/Service/ServiceOrder/CreditCardSplitTender/SplitTenderDetails' is clicked on

2017-12-04 18:43:11 - [MESSAGE][PASSED] - Object: 'Object Repository/Service/ServiceOrder/CreditCardSplitTender/SplitTenderDetails' is clicked on

2017-12-04 18:43:11 - [TEST_STEP][PASSED] - delay: Delayed 2 second(s)

2017-12-04 18:43:13 - [MESSAGE][PASSED] - Delayed 2 second(s)

2017-12-04 18:43:13 - [TEST_STEP][PASSED] - click: Object: 'Object Repository/Service/ServiceOrder/CreditCardSplitTender/SplitTenderDetails.Yes' is clicked on

2017-12-04 18:43:13 - [MESSAGE][PASSED] - Object: 'Object Repository/Service/ServiceOrder/CreditCardSplitTender/SplitTenderDetails.Yes' is clicked on

2017-12-04 18:43:13 - [TEST_STEP][PASSED] - delay: Delayed 3 second(s)

2017-12-04 18:43:16 - [MESSAGE][PASSED] - Delayed 3 second(s)

2017-12-04 18:43:16 - [TEST_STEP][PASSED] - click: Object: 'Object Repository/Service/ServiceOrder/CreditCardSplitTender/SplitTender.LineSession' is clicked on

2017-12-04 18:43:16 - [MESSAGE][PASSED] - Object: 'Object Repository/Service/ServiceOrder/CreditCardSplitTender/SplitTender.LineSession' is clicked on

2017-12-04 18:43:16 - [TEST_STEP][PASSED] - delay: Delayed 2 second(s)

2017-12-04 18:43:18 - [MESSAGE][PASSED] - Delayed 2 second(s)

2017-12-04 18:43:18 - [TEST_STEP][PASSED] - Statement - G_OrderAmt = com.kms.katalon.core.webui.keyword.WebUiBuiltInKeywords.getText(com.kms.katalon.core.testobject.ObjectRepository.findTestObject(Service/ServiceOrder/CreditCardSplitTender/SplitTender.OrderAmtHeader)): Text of object 'Object Repository/Service/ServiceOrder/CreditCardSplitTender/SplitTender.OrderAmtHeader' is: '8.20'

2017-12-04 18:43:19 - [MESSAGE][PASSED] - Text of object 'Object Repository/Service/ServiceOrder/CreditCardSplitTender/SplitTender.OrderAmtHeader' is: '8.20'

2017-12-04 18:43:19 - [TEST_STEP][PASSED] - Statement - G_SplitOrderAmt2 = G_OrderAmt - 2: null

2017-12-04 18:43:19 - [TEST_STEP][PASSED] - comment: ***********************Line1 started***********************

2017-12-04 18:43:19 - [TEST_STEP][PASSED] - click: Object: 'Object Repository/Service/ServiceOrder/CreditCardSplitTender/SplitTender.NewButton' is clicked on

2017-12-04 18:43:19 - [MESSAGE][PASSED] - Object: 'Object Repository/Service/ServiceOrder/CreditCardSplitTender/SplitTender.NewButton' is clicked on

2017-12-04 18:43:19 - [TEST_STEP][PASSED] - delay: Delayed 2 second(s)

2017-12-04 18:43:21 - [MESSAGE][PASSED] - Delayed 2 second(s)

2017-12-04 18:43:21 - [TEST_STEP][PASSED] - doubleClick: Object: 'Object Repository/Service/ServiceOrder/CreditCardSplitTender/SplitTender.ModeofPayment' is double clicked on

2017-12-04 18:43:22 - [MESSAGE][PASSED] - Object: 'Object Repository/Service/ServiceOrder/CreditCardSplitTender/SplitTender.ModeofPayment' is double clicked on

2017-12-04 18:43:22 - [TEST_STEP][PASSED] - click: Object: 'Object Repository/Service/ServiceOrder/CreditCardSplitTender/SplitTender.ModeOfPaymentCreditCard1' is clicked on

2017-12-04 18:43:22 - [MESSAGE][PASSED] - Object: 'Object Repository/Service/ServiceOrder/CreditCardSplitTender/SplitTender.ModeOfPaymentCreditCard1' is clicked on

2017-12-04 18:43:22 - [TEST_STEP][PASSED] - click: Object: 'Object Repository/Service/ServiceOrder/CreditCardSplitTender/SplitTender.LineCCNo' is clicked on

2017-12-04 18:43:22 - [MESSAGE][PASSED] - Object: 'Object Repository/Service/ServiceOrder/CreditCardSplitTender/SplitTender.LineCCNo' is clicked on

2017-12-04 18:43:22 - [TEST_STEP][PASSED] - delay: Delayed 2 second(s)

2017-12-04 18:43:24 - [MESSAGE][PASSED] - Delayed 2 second(s)

2017-12-04 18:43:24 - [TEST_STEP][PASSED] - setText: Text '5100270000000007' is set on object 'Object Repository/Service/ServiceOrder/CreditCardSplitTender/SplitTender.LineCCNo'

2017-12-04 18:43:24 - [MESSAGE][PASSED] - Text '5100270000000007' is set on object 'Object Repository/Service/ServiceOrder/CreditCardSplitTender/SplitTender.LineCCNo'

2017-12-04 18:43:24 - [TEST_STEP][PASSED] - delay: Delayed 5 second(s)

2017-12-04 18:43:29 - [MESSAGE][PASSED] - Delayed 5 second(s)

2017-12-04 18:43:29 - [TEST_STEP][FAILED] - click: Unable to click on object 'Object Repository/Service/ServiceOrder/CreditCardSplitTender/SplitTender.LineCVV' (Root cause: com.kms.katalon.core.webui.exception.WebElementNotFoundException: Web element with id: 'Object Repository/Service/ServiceOrder/CreditCardSplitTender/SplitTender.LineCVV' located by 'By.xpath: //*[@id = 'xiext8105m000-33-grid-1-xiext805.cvv2.rq-15-0']' not found)

2017-12-04 18:44:02 - [MESSAGE][FAILED] - Unable to click on object 'Object Repository/Service/ServiceOrder/CreditCardSplitTender/SplitTender.LineCVV' (Root cause: com.kms.katalon.core.webui.exception.WebElementNotFoundException: Web element with id: 'Object Repository/Service/ServiceOrder/CreditCardSplitTender/SplitTender.LineCVV' located by 'By.xpath: //*[@id = 'xiext8105m000-33-grid-1-xiext805.cvv2.rq-15-0']' not found)
[[ATTACHMENT|C:\\Users\\agawhande\\git\\FlaglerCC\\Reports\\Flagler_ServiceInvoice_SplitTenderTestSuite\\20171204_183944\\1512393242066.png]]

2017-12-04 18:44:02 - [MESSAGE][FAILED] - Unable to call Test Case with id 'Test Cases/Service/BaseTestCases/Base_Service_HeaderInvoice_SplitTender' (Root cause: Call Test Case 'Test Cases/Service/BaseTestCases/Base_Service_HeaderInvoice_SplitTender' failed)

2017-12-04 18:44:02 - [TEST_STEP][FAILED] - callTestCase: Unable to call Test Case with id 'Test Cases/Service/BaseTestCases/Base_Service_GetInvoice_SplitTender' (Root cause: Call Test Case 'Test Cases/Service/BaseTestCases/Base_Service_GetInvoice_SplitTender' failed)

2017-12-04 18:44:02 - [TEST_CASE][FAILED] - Test Cases/Service/BaseTestCases/Base_Service_GetInvoice_SplitTender: Test Cases/Service/BaseTestCases/Base_Service_GetInvoice_SplitTender FAILED because (of) Unable to click on object 'Object Repository/Service/ServiceOrder/VerifyServiceOrderInvoice_SplitTender/ServiceOrderHeader.InvoiceButton' (Root cause: org.openqa.selenium.WebDriverException: Element <div tabindex="0" class="Button FormButton Transparent" id="tssoc2100m001-0-show.invoices" style="position: absolute; left: 1285px; top: 48px; overflow: hidden; width: 29px;"></div> is not clickable at point (1304, 191). Other element would receive the click: <div class="DetailForm"></div>
Command duration or timeout: 75 milliseconds
Build info: version: 'unknown', revision: 'unknown', time: 'unknown'
System info: host: 'ANIL110', ip: '192.168.25.228', os.name: 'Windows 7', os.arch: 'amd64', os.version: '6.1', java.version: '1.8.0_102'
Driver info: com.kms.katalon.core.webui.driver.firefox.CFirefoxDriver47
Capabilities [{applicationCacheEnabled=true, rotatable=false, handlesAlerts=true, databaseEnabled=true, version=56.0, platform=WINDOWS, nativeEvents=false, acceptSslCerts=true, webStorageEnabled=true, locationContextEnabled=true, browserName=firefox, takesScreenshot=true, javascriptEnabled=true, cssSelectorsEnabled=true}]
Session ID: e1764531-fe3d-4f8e-b7db-39e9f32fa876)

2017-12-04 18:44:02 - [TEST_STEP][PASSED] - delay: Delayed 3 second(s)

2017-12-04 18:44:05 - [MESSAGE][PASSED] - Delayed 3 second(s)

2017-12-04 18:44:05 - [TEST_STEP][PASSED] - click: Object: 'Object Repository/Service/ServiceOrder/VerifyServiceOrderInvoice_SplitTender/ServiceorderHeader.HeaderSession' is clicked on

2017-12-04 18:44:05 - [MESSAGE][PASSED] - Object: 'Object Repository/Service/ServiceOrder/VerifyServiceOrderInvoice_SplitTender/ServiceorderHeader.HeaderSession' is clicked on

2017-12-04 18:44:05 - [TEST_STEP][FAILED] - click: Unable to click on object 'Object Repository/Service/ServiceOrder/VerifyServiceOrderInvoice_SplitTender/ServiceOrderHeader.InvoiceButton' (Root cause: org.openqa.selenium.WebDriverException: Element <div tabindex="0" class="Button FormButton Transparent" id="tssoc2100m001-0-show.invoices" style="position: absolute; left: 1285px; top: 48px; overflow: hidden; width: 29px;"></div> is not clickable at point (1304, 191). Other element would receive the click: <div class="DetailForm"></div>
Command duration or timeout: 75 milliseconds
Build info: version: 'unknown', revision: 'unknown', time: 'unknown'
System info: host: 'ANIL110', ip: '192.168.25.228', os.name: 'Windows 7', os.arch: 'amd64', os.version: '6.1', java.version: '1.8.0_102'
Driver info: com.kms.katalon.core.webui.driver.firefox.CFirefoxDriver47
Capabilities [{applicationCacheEnabled=true, rotatable=false, handlesAlerts=true, databaseEnabled=true, version=56.0, platform=WINDOWS, nativeEvents=false, acceptSslCerts=true, webStorageEnabled=true, locationContextEnabled=true, browserName=firefox, takesScreenshot=true, javascriptEnabled=true, cssSelectorsEnabled=true}]
Session ID: e1764531-fe3d-4f8e-b7db-39e9f32fa876)

2017-12-04 18:44:05 - [MESSAGE][FAILED] - Unable to click on object 'Object Repository/Service/ServiceOrder/VerifyServiceOrderInvoice_SplitTender/ServiceOrderHeader.InvoiceButton' (Root cause: org.openqa.selenium.WebDriverException: Element <div tabindex="0" class="Button FormButton Transparent" id="tssoc2100m001-0-show.invoices" style="position: absolute; left: 1285px; top: 48px; overflow: hidden; width: 29px;"></div> is not clickable at point (1304, 191). Other element would receive the click: <div class="DetailForm"></div>
Command duration or timeout: 75 milliseconds
Build info: version: 'unknown', revision: 'unknown', time: 'unknown'
System info: host: 'ANIL110', ip: '192.168.25.228', os.name: 'Windows 7', os.arch: 'amd64', os.version: '6.1', java.version: '1.8.0_102'
Driver info: com.kms.katalon.core.webui.driver.firefox.CFirefoxDriver47
Capabilities [{applicationCacheEnabled=true, rotatable=false, handlesAlerts=true, databaseEnabled=true, version=56.0, platform=WINDOWS, nativeEvents=false, acceptSslCerts=true, webStorageEnabled=true, locationContextEnabled=true, browserName=firefox, takesScreenshot=true, javascriptEnabled=true, cssSelectorsEnabled=true}]
Session ID: e1764531-fe3d-4f8e-b7db-39e9f32fa876)
[[ATTACHMENT|C:\\Users\\agawhande\\git\\FlaglerCC\\Reports\\Flagler_ServiceInvoice_SplitTenderTestSuite\\20171204_183944\\1512393245861.png]]

2017-12-04 18:44:05 - [MESSAGE][FAILED] - Unable to call Test Case with id 'Test Cases/Service/BaseTestCases/Base_Service_GetInvoice_SplitTender' (Root cause: Call Test Case 'Test Cases/Service/BaseTestCases/Base_Service_GetInvoice_SplitTender' failed)

2017-12-04 18:44:05 - [TEST_STEP][FAILED] - callTestCase: Unable to call Test Case with id 'Test Cases/Finance/BaseTestCases/Base_Finance_CheckOpenEntriesForCCSplitPayments' (Root cause: Call Test Case 'Test Cases/Finance/BaseTestCases/Base_Finance_CheckOpenEntriesForCCSplitPayments' failed)

2017-12-04 18:44:06 - [TEST_CASE][FAILED] - Test Cases/Finance/BaseTestCases/Base_Finance_CheckOpenEntriesForCCSplitPayments: Test Cases/Finance/BaseTestCases/Base_Finance_CheckOpenEntriesForCCSplitPayments FAILED because (of) Unable to verify equal between actual object '100.65' and expected object '' (Root cause: Actual object '100.65' and expected object '' are not equal)

2017-12-04 18:44:06 - [TEST_STEP][PASSED] - callTestCase: Call Test Case 'Test Cases/Common/Base_Common_OpenSession' successfully

2017-12-04 18:44:06 - [TEST_CASE][PASSED] - Test Cases/Common/Base_Common_OpenSession: Test Cases/Common/Base_Common_OpenSession

2017-12-04 18:44:06 - [TEST_STEP][PASSED] - openBrowser: Browser is opened with url: 'http://baan:3Xtend27$13@192.168.20.241:8312/webui/servlet/login'

2017-12-04 18:44:06 - [MESSAGE][WARNING] - A browser is already opened. Closing browser and opening a new one

2017-12-04 18:45:08 - [MESSAGE][PASSED] - Browser is opened with url: 'http://baan:3Xtend27$13@192.168.20.241:8312/webui/servlet/login'

2017-12-04 18:45:08 - [TEST_STEP][PASSED] - waitForPageLoad: Wait for page load successfully

2017-12-04 18:45:08 - [MESSAGE][PASSED] - Wait for page load successfully

2017-12-04 18:45:08 - [TEST_STEP][PASSED] - maximizeWindow: Current window maximized

2017-12-04 18:45:08 - [MESSAGE][PASSED] - Current window maximized

2017-12-04 18:45:08 - [TEST_STEP][PASSED] - click: Object: 'Object Repository/Common/HomePage/HomePage_more' is clicked on

2017-12-04 18:45:13 - [MESSAGE][PASSED] - Object: 'Object Repository/Common/HomePage/HomePage_more' is clicked on

2017-12-04 18:45:13 - [TEST_STEP][PASSED] - click: Object: 'Object Repository/Common/HomePage/HomePage_Option' is clicked on

2017-12-04 18:45:13 - [MESSAGE][PASSED] - Object: 'Object Repository/Common/HomePage/HomePage_Option' is clicked on

2017-12-04 18:45:13 - [TEST_STEP][PASSED] - click: Object: 'Object Repository/Common/HomePage/HomePage_RunProgram_' is clicked on

2017-12-04 18:45:14 - [MESSAGE][PASSED] - Object: 'Object Repository/Common/HomePage/HomePage_RunProgram_' is clicked on

2017-12-04 18:45:14 - [TEST_STEP][PASSED] - sendKeys: Keys 'tfacr2520m000' sent to object: 'Object Repository/Common/HomePage/HomePage_Session_ID'

2017-12-04 18:45:14 - [MESSAGE][PASSED] - Keys 'tfacr2520m000' sent to object: 'Object Repository/Common/HomePage/HomePage_Session_ID'

2017-12-04 18:45:14 - [TEST_STEP][PASSED] - click: Object: 'Object Repository/Common/HomePage/HomePage_OkButton' is clicked on

2017-12-04 18:45:14 - [MESSAGE][PASSED] - Object: 'Object Repository/Common/HomePage/HomePage_OkButton' is clicked on

2017-12-04 18:45:14 - [MESSAGE][PASSED] - Call Test Case 'Test Cases/Common/Base_Common_OpenSession' successfully

2017-12-04 18:45:14 - [TEST_STEP][PASSED] - click: Object: 'Object Repository/Finance/BaseTestCases_OpenEntries_Service/OpenEntries_DocumentType' is clicked on

2017-12-04 18:45:20 - [MESSAGE][PASSED] - Object: 'Object Repository/Finance/BaseTestCases_OpenEntries_Service/OpenEntries_DocumentType' is clicked on

2017-12-04 18:45:20 - [TEST_STEP][PASSED] - click: Object: 'Object Repository/Finance/BaseTestCases_OpenEntries_Service/OpenEntries_DocumentNo' is clicked on

2017-12-04 18:45:21 - [MESSAGE][PASSED] - Object: 'Object Repository/Finance/BaseTestCases_OpenEntries_Service/OpenEntries_DocumentNo' is clicked on

2017-12-04 18:45:21 - [TEST_STEP][PASSED] - setText: Text '' is set on object 'Object Repository/Finance/BaseTestCases_OpenEntries_Service/OpenEntries_DocumentType'

2017-12-04 18:45:21 - [MESSAGE][PASSED] - Text '' is set on object 'Object Repository/Finance/BaseTestCases_OpenEntries_Service/OpenEntries_DocumentType'

2017-12-04 18:45:21 - [TEST_STEP][NOT_RUN] - sendKeys: NOT_RUN: sendKeys

2017-12-04 18:45:21 - [MESSAGE][NOT_RUN] - NOT_RUN: sendKeys

2017-12-04 18:45:21 - [TEST_STEP][NOT_RUN] - delay: NOT_RUN: delay

2017-12-04 18:45:21 - [MESSAGE][NOT_RUN] - NOT_RUN: delay

2017-12-04 18:45:21 - [TEST_STEP][PASSED] - setText: Text '' is set on object 'Object Repository/Finance/BaseTestCases_OpenEntries_Service/OpenEntries_DocumentNo'

2017-12-04 18:45:21 - [MESSAGE][PASSED] - Text '' is set on object 'Object Repository/Finance/BaseTestCases_OpenEntries_Service/OpenEntries_DocumentNo'

2017-12-04 18:45:21 - [TEST_STEP][NOT_RUN] - delay: NOT_RUN: delay

2017-12-04 18:45:21 - [MESSAGE][NOT_RUN] - NOT_RUN: delay

2017-12-04 18:45:21 - [TEST_STEP][NOT_RUN] - sendKeys: NOT_RUN: sendKeys

2017-12-04 18:45:21 - [MESSAGE][NOT_RUN] - NOT_RUN: sendKeys

2017-12-04 18:45:21 - [TEST_STEP][PASSED] - click: Object: 'Object Repository/Finance/BaseTestCases_OpenEntries_Service/OpenEntries_Action' is clicked on

2017-12-04 18:45:21 - [MESSAGE][PASSED] - Object: 'Object Repository/Finance/BaseTestCases_OpenEntries_Service/OpenEntries_Action' is clicked on

2017-12-04 18:45:21 - [TEST_STEP][PASSED] - click: Object: 'Object Repository/Finance/BaseTestCases_OpenEntries_Service/OpenEntries.FullyPaid' is clicked on

2017-12-04 18:45:22 - [MESSAGE][PASSED] - Object: 'Object Repository/Finance/BaseTestCases_OpenEntries_Service/OpenEntries.FullyPaid' is clicked on

2017-12-04 18:45:22 - [TEST_STEP][PASSED] - delay: Delayed 2 second(s)

2017-12-04 18:45:24 - [MESSAGE][PASSED] - Delayed 2 second(s)

2017-12-04 18:45:24 - [TEST_STEP][PASSED] - scrollToElement: Scroll to object 'Object Repository/Finance/BaseTestCases_OpenEntries_Service/OpenEntries.BalanceAmt' successfully

2017-12-04 18:45:24 - [MESSAGE][PASSED] - Scroll to object 'Object Repository/Finance/BaseTestCases_OpenEntries_Service/OpenEntries.BalanceAmt' successfully

2017-12-04 18:45:24 - [TEST_STEP][PASSED] - delay: Delayed 3 second(s)

2017-12-04 18:45:27 - [MESSAGE][PASSED] - Delayed 3 second(s)

2017-12-04 18:45:27 - [TEST_STEP][PASSED] - Statement - BalanceAmount = com.kms.katalon.core.webui.keyword.WebUiBuiltInKeywords.getText(com.kms.katalon.core.testobject.ObjectRepository.findTestObject(Finance/BaseTestCases_OpenEntries_Service/OpenEntries.BalanceAmt)): Text of object 'Object Repository/Finance/BaseTestCases_OpenEntries_Service/OpenEntries.BalanceAmt' is: '100.65'

2017-12-04 18:45:27 - [MESSAGE][PASSED] - Text of object 'Object Repository/Finance/BaseTestCases_OpenEntries_Service/OpenEntries.BalanceAmt' is: '100.65'

2017-12-04 18:45:27 - [TEST_STEP][FAILED] - verifyEqual: Unable to verify equal between actual object '100.65' and expected object '' (Root cause: Actual object '100.65' and expected object '' are not equal)

2017-12-04 18:45:27 - [MESSAGE][FAILED] - Unable to verify equal between actual object '100.65' and expected object '' (Root cause: Actual object '100.65' and expected object '' are not equal)

2017-12-04 18:45:27 - [MESSAGE][FAILED] - Unable to call Test Case with id 'Test Cases/Finance/BaseTestCases/Base_Finance_CheckOpenEntriesForCCSplitPayments' (Root cause: Call Test Case 'Test Cases/Finance/BaseTestCases/Base_Finance_CheckOpenEntriesForCCSplitPayments' failed)]]></system-out>
         <system-err><![CDATA[2017-12-04 18:39:53 - [TEST_CASE][FAILED] - Test Cases/Service/CreditCardRegression/TC002_Service_CreditCardSplitTender: Test Cases/Service/CreditCardRegression/TC002_Service_CreditCardSplitTender FAILED because (of) Unable to click on object 'Object Repository/Service/ServiceOrder/CreditCardSplitTender/SplitTender.LineCVV' (Root cause: com.kms.katalon.core.webui.exception.WebElementNotFoundException: Web element with id: 'Object Repository/Service/ServiceOrder/CreditCardSplitTender/SplitTender.LineCVV' located by 'By.xpath: //*[@id = 'xiext8105m000-33-grid-1-xiext805.cvv2.rq-15-0']' not found)]]></system-err>
      </testcase>
      <system-out><![CDATA[2017-12-04 18:39:53 - [TEST_SUITE][FAILED] - Flagler_ServiceInvoice_SplitTenderTestSuite: Test Cases/Service/CreditCardRegression/TC002_Service_CreditCardSplitTender FAILED because (of) Unable to click on object 'Object Repository/Service/ServiceOrder/CreditCardSplitTender/SplitTender.LineCVV' (Root cause: com.kms.katalon.core.webui.exception.WebElementNotFoundException: Web element with id: 'Object Repository/Service/ServiceOrder/CreditCardSplitTender/SplitTender.LineCVV' located by 'By.xpath: //*[@id = 'xiext8105m000-33-grid-1-xiext805.cvv2.rq-15-0']' not found)]]></system-out>
      <system-err><![CDATA[2017-12-04 18:39:53 - [TEST_SUITE][FAILED] - Flagler_ServiceInvoice_SplitTenderTestSuite: Test Cases/Service/CreditCardRegression/TC002_Service_CreditCardSplitTender FAILED because (of) Unable to click on object 'Object Repository/Service/ServiceOrder/CreditCardSplitTender/SplitTender.LineCVV' (Root cause: com.kms.katalon.core.webui.exception.WebElementNotFoundException: Web element with id: 'Object Repository/Service/ServiceOrder/CreditCardSplitTender/SplitTender.LineCVV' located by 'By.xpath: //*[@id = 'xiext8105m000-33-grid-1-xiext805.cvv2.rq-15-0']' not found)]]></system-err>
   </testsuite>
</testsuites>
