<?xml version="1.0" encoding="UTF-8"?>
<testsuites name="Flagler_PartsTestSuite" time="127" tests="0" failures="0" errors="1">
   <testsuite name="Flagler_PartsTestSuite" tests="0" failures="0" errors="1" time="127" timestamp="2017-11-28 12:11:14" hostname="rgajbhiye - EET-RG.e-emphasys.com" id="Test Suites/Flagler_PartsTestSuite">
      <properties>
         <property name="deviceName" value=""/>
         <property name="devicePlatform" value=""/>
         <property name="logFolder" value="C:\\Users\\rgajbhiye\\git\\FlaglerCC\\Reports\\Flagler_PartsTestSuite\\20171128_121107"/>
         <property name="logFiles" value="C:\\Users\\rgajbhiye\\git\\FlaglerCC\\Reports\\Flagler_PartsTestSuite\\20171128_121107\\execution0.log"/>
         <property name="attachments" value="C:\\Users\\rgajbhiye\\git\\FlaglerCC\\Reports\\Flagler_PartsTestSuite\\20171128_121107\\1511851351660.png, C:\\Users\\rgajbhiye\\git\\FlaglerCC\\Reports\\Flagler_PartsTestSuite\\20171128_121107\\1511851395088.png, C:\\Users\\rgajbhiye\\git\\FlaglerCC\\Reports\\Flagler_PartsTestSuite\\20171128_121107\\1511851395373.png"/>
         <property name="hostName" value="rgajbhiye - EET-RG.e-emphasys.com"/>
         <property name="os" value="Windows 7 64bit"/>
         <property name="katalonVersion" value="5.0.0.1"/>
         <property name="browser" value="Firefox 43.0"/>
         <property name="hostAddress" value="192.168.25.107"/>
         <property name="sessionId" value="2ab4ff68-765f-4c0f-a2bc-9ba23a99f171"/>
         <property name="seleniumVersion" value="2.53.0"/>
         <property name="proxyInformation" value="ProxyInformation{proxyOption=NO_PROXY, proxyServerType=, password=, proxyServerAddress=, proxyServerPort=0}"/>
         <property name="platform" value="Windows 7"/>
      </properties>
      <testcase name="Test Cases/Parts/CreditCardRegression/TC001_Parts_CreditCard" classname="Test Cases/Parts/CreditCardRegression/TC001_Parts_CreditCard" status="ERROR">
         <error type="ERROR" message="Test Cases/Parts/CreditCardRegression/TC001_Parts_CreditCard FAILED because (of) Variable 'G_Part_PSO' is not defined for test case."/>
         <system-out><![CDATA[2017-11-28 12:11:15 - [TEST_CASE][ERROR] - Test Cases/Parts/CreditCardRegression/TC001_Parts_CreditCard: Test Cases/Parts/CreditCardRegression/TC001_Parts_CreditCard FAILED because (of) Variable 'G_Part_PSO' is not defined for test case.

2017-11-28 12:11:15 - [TEST_STEP][FAILED] - callTestCase: Unable to call Test Case with id 'Test Cases/Parts/BaseTestCases/Base_Part_CreateHeader_WithCC_Flagler' (Root cause: Call Test Case 'Test Cases/Parts/BaseTestCases/Base_Part_CreateHeader_WithCC_Flagler' failed because of error(s))

2017-11-28 12:11:16 - [TEST_CASE][ERROR] - Test Cases/Parts/BaseTestCases/Base_Part_CreateHeader_WithCC_Flagler: Test Cases/Parts/BaseTestCases/Base_Part_CreateHeader_WithCC_Flagler FAILED because (of) Variable 'G_Part_PSO' is not defined for test case.

2017-11-28 12:11:16 - [TEST_STEP][PASSED] - callTestCase: Call Test Case 'Test Cases/Common/Base_Common_OpenSession' successfully

2017-11-28 12:11:16 - [TEST_CASE][PASSED] - Test Cases/Common/Base_Common_OpenSession: Test Cases/Common/Base_Common_OpenSession

2017-11-28 12:11:16 - [TEST_STEP][PASSED] - openBrowser: Browser is opened with url: 'http://baan:3Xtend27$13@192.168.20.241:8312/webui/servlet/login'

2017-11-28 12:11:28 - [MESSAGE][PASSED] - Browser is opened with url: 'http://baan:3Xtend27$13@192.168.20.241:8312/webui/servlet/login'

2017-11-28 12:11:28 - [TEST_STEP][PASSED] - waitForPageLoad: Wait for page load successfully

2017-11-28 12:11:29 - [MESSAGE][PASSED] - Wait for page load successfully

2017-11-28 12:11:29 - [TEST_STEP][PASSED] - maximizeWindow: Current window maximized

2017-11-28 12:11:29 - [MESSAGE][PASSED] - Current window maximized

2017-11-28 12:11:29 - [TEST_STEP][PASSED] - click: Object: 'Object Repository/Common/HomePage/HomePage_more' is clicked on

2017-11-28 12:11:31 - [MESSAGE][PASSED] - Object: 'Object Repository/Common/HomePage/HomePage_more' is clicked on

2017-11-28 12:11:31 - [TEST_STEP][PASSED] - click: Object: 'Object Repository/Common/HomePage/HomePage_Option' is clicked on

2017-11-28 12:11:31 - [MESSAGE][PASSED] - Object: 'Object Repository/Common/HomePage/HomePage_Option' is clicked on

2017-11-28 12:11:31 - [TEST_STEP][PASSED] - click: Object: 'Object Repository/Common/HomePage/HomePage_RunProgram_' is clicked on

2017-11-28 12:11:32 - [MESSAGE][PASSED] - Object: 'Object Repository/Common/HomePage/HomePage_RunProgram_' is clicked on

2017-11-28 12:11:32 - [TEST_STEP][PASSED] - sendKeys: Keys 'tdsls4500m002' sent to object: 'Object Repository/Common/HomePage/HomePage_Session_ID'

2017-11-28 12:11:32 - [MESSAGE][PASSED] - Keys 'tdsls4500m002' sent to object: 'Object Repository/Common/HomePage/HomePage_Session_ID'

2017-11-28 12:11:32 - [TEST_STEP][PASSED] - click: Object: 'Object Repository/Common/HomePage/HomePage_OkButton' is clicked on

2017-11-28 12:11:32 - [MESSAGE][PASSED] - Object: 'Object Repository/Common/HomePage/HomePage_OkButton' is clicked on

2017-11-28 12:11:32 - [MESSAGE][PASSED] - Call Test Case 'Test Cases/Common/Base_Common_OpenSession' successfully

2017-11-28 12:11:32 - [TEST_STEP][PASSED] - click: Object: 'Object Repository/Parts/PartsSalesOrder/PartsSaleOrderHeader/PartSaleOrder_NewButton' is clicked on

2017-11-28 12:11:37 - [MESSAGE][PASSED] - Object: 'Object Repository/Parts/PartsSalesOrder/PartsSaleOrderHeader/PartSaleOrder_NewButton' is clicked on

2017-11-28 12:11:37 - [TEST_STEP][PASSED] - waitForElementPresent: Object 'Object Repository/Parts/PartsSalesOrder/PartsSaleOrderHeader/Partsalesorder_customer' is present

2017-11-28 12:11:40 - [MESSAGE][PASSED] - Object 'Object Repository/Parts/PartsSalesOrder/PartsSaleOrderHeader/Partsalesorder_customer' is present

2017-11-28 12:11:40 - [TEST_STEP][PASSED] - setText: Text 'BP0004776' is set on object 'Object Repository/Parts/PartsSalesOrder/PartsSaleOrderHeader/Partsalesorder_customer'

2017-11-28 12:11:40 - [MESSAGE][PASSED] - Text 'BP0004776' is set on object 'Object Repository/Parts/PartsSalesOrder/PartsSaleOrderHeader/Partsalesorder_customer'

2017-11-28 12:11:40 - [TEST_STEP][NOT_RUN] - sendKeys: NOT_RUN: sendKeys

2017-11-28 12:11:40 - [MESSAGE][NOT_RUN] - NOT_RUN: sendKeys

2017-11-28 12:11:40 - [TEST_STEP][PASSED] - click: Object: 'Object Repository/Parts/PartsSalesOrder/PartsSaleOrderHeader/PartSalesOrder_Tax' is clicked on

2017-11-28 12:11:40 - [MESSAGE][PASSED] - Object: 'Object Repository/Parts/PartsSalesOrder/PartsSaleOrderHeader/PartSalesOrder_Tax' is clicked on

2017-11-28 12:11:40 - [TEST_STEP][NOT_RUN] - click: NOT_RUN: click

2017-11-28 12:11:40 - [MESSAGE][NOT_RUN] - NOT_RUN: click

2017-11-28 12:11:40 - [TEST_STEP][PASSED] - click: Object: 'Object Repository/Parts/PartsSalesOrder/PartsSaleOrderHeader/PartSaleOrder_OtherDetailsTab' is clicked on

2017-11-28 12:11:40 - [MESSAGE][PASSED] - Object: 'Object Repository/Parts/PartsSalesOrder/PartsSaleOrderHeader/PartSaleOrder_OtherDetailsTab' is clicked on

2017-11-28 12:11:40 - [TEST_STEP][PASSED] - delay: Delayed 2 second(s)

2017-11-28 12:11:42 - [MESSAGE][PASSED] - Delayed 2 second(s)

2017-11-28 12:11:42 - [TEST_STEP][PASSED] - click: Object: 'Object Repository/Parts/PartsSalesOrder/PartsSaleOrderHeader/PartSaleOrder_Unit' is clicked on

2017-11-28 12:11:43 - [MESSAGE][PASSED] - Object: 'Object Repository/Parts/PartsSalesOrder/PartsSaleOrderHeader/PartSaleOrder_Unit' is clicked on

2017-11-28 12:11:43 - [TEST_STEP][PASSED] - delay: Delayed 2 second(s)

2017-11-28 12:11:45 - [MESSAGE][PASSED] - Delayed 2 second(s)

2017-11-28 12:11:45 - [TEST_STEP][PASSED] - sendKeys: Keys 'EQ1402768' sent to object: 'Object Repository/Parts/PartsSalesOrder/PartsSaleOrderHeader/PartSaleOrder_Unit'

2017-11-28 12:11:45 - [MESSAGE][PASSED] - Keys 'EQ1402768' sent to object: 'Object Repository/Parts/PartsSalesOrder/PartsSaleOrderHeader/PartSaleOrder_Unit'

2017-11-28 12:11:45 - [TEST_STEP][PASSED] - click: Object: 'Object Repository/Parts/PartsSalesOrder/PartsSaleOrderHeader/PartSalesOrder_ModeOfPayment' is clicked on

2017-11-28 12:11:45 - [MESSAGE][PASSED] - Object: 'Object Repository/Parts/PartsSalesOrder/PartsSaleOrderHeader/PartSalesOrder_ModeOfPayment' is clicked on

2017-11-28 12:11:45 - [TEST_STEP][PASSED] - click: Object: 'Object Repository/Parts/PartsSalesOrder/PartsSaleOrderHeader/PartSalesOrder_CreditCardOption' is clicked on

2017-11-28 12:11:46 - [MESSAGE][PASSED] - Object: 'Object Repository/Parts/PartsSalesOrder/PartsSaleOrderHeader/PartSalesOrder_CreditCardOption' is clicked on

2017-11-28 12:11:46 - [TEST_STEP][PASSED] - click: Object: 'Object Repository/Parts/PartsSalesOrder/PartsSaleOrderHeader/PartSalesorder_Save' is clicked on

2017-11-28 12:11:46 - [MESSAGE][PASSED] - Object: 'Object Repository/Parts/PartsSalesOrder/PartsSaleOrderHeader/PartSalesorder_Save' is clicked on

2017-11-28 12:11:46 - [TEST_STEP][PASSED] - click: Object: 'Object Repository/Parts/PartsSalesOrder/PartsSaleOrderHeader/PSO_Header_GeneralTab' is clicked on

2017-11-28 12:11:46 - [MESSAGE][PASSED] - Object: 'Object Repository/Parts/PartsSalesOrder/PartsSaleOrderHeader/PSO_Header_GeneralTab' is clicked on

2017-11-28 12:11:46 - [TEST_STEP][PASSED] - delay: Delayed 5 second(s)

2017-11-28 12:11:51 - [MESSAGE][PASSED] - Delayed 5 second(s)

2017-11-28 12:11:51 - [TEST_STEP][PASSED] - Statement - G_Part_PSO = com.kms.katalon.core.webui.keyword.WebUiBuiltInKeywords.getAttribute(com.kms.katalon.core.testobject.ObjectRepository.findTestObject(Parts/PartsSalesOrder/PartsSaleOrderHeader/PartSalesOrder_OrderNo), "value"): Attribute 'value' of object 'Object Repository/Parts/PartsSalesOrder/PartsSaleOrderHeader/PartSalesOrder_OrderNo' is: 'PSO020071'

2017-11-28 12:11:51 - [MESSAGE][PASSED] - Attribute 'value' of object 'Object Repository/Parts/PartsSalesOrder/PartsSaleOrderHeader/PartSalesOrder_OrderNo' is: 'PSO020071'

2017-11-28 12:11:51 - [MESSAGE][FAILED] - Unable to call Test Case with id 'Test Cases/Parts/BaseTestCases/Base_Part_CreateHeader_WithCC_Flagler' (Root cause: Call Test Case 'Test Cases/Parts/BaseTestCases/Base_Part_CreateHeader_WithCC_Flagler' failed because of error(s))

2017-11-28 12:11:51 - [TEST_STEP][FAILED] - callTestCase: Unable to call Test Case with id 'Test Cases/Parts/BaseTestCases/Base_Part_AddPartLinePos1' (Root cause: Call Test Case 'Test Cases/Parts/BaseTestCases/Base_Part_AddPartLinePos1' failed)

2017-11-28 12:11:51 - [TEST_CASE][FAILED] - Test Cases/Parts/BaseTestCases/Base_Part_AddPartLinePos1: Test Cases/Parts/BaseTestCases/Base_Part_AddPartLinePos1 FAILED because (of) Unable to set text 'R123438' of object 'Object Repository/Parts/PartsSalesOrder/PartSalesOrderLine1/PartSaleOrderLine1_PartNumber' (Root cause: com.kms.katalon.core.webui.exception.WebElementNotFoundException: Web element with id: 'Object Repository/Parts/PartsSalesOrder/PartSalesOrderLine1/PartSaleOrderLine1_PartNumber' located by 'By.xpath: //input[count(. | id("tdtre4101s002-2-grid-1-tdsls401.item.segment.2-82-0-widget")) = count(id("tdtre4101s002-2-grid-1-tdsls401.item.segment.2-82-0-widget"))][count(. | //*[@maxlength = '29']) = count(//*[@maxlength = '29'])][count(. | //*[@id = 'tdtre4101s002-2-grid-1-tdsls401.item.segment.2-82-0-widget']) = count(//*[@id = 'tdtre4101s002-2-grid-1-tdsls401.item.segment.2-82-0-widget'])][count(. | //*[@type = 'text']) = count(//*[@type = 'text'])][count(. | //*[@class = 'TextInputField TriggerInputFieldWidget TextInputField-empty']) = count(//*[@class = 'TextInputField TriggerInputFieldWidget TextInputField-empty'])]' not found)

2017-11-28 12:11:52 - [TEST_STEP][PASSED] - click: Object: 'Object Repository/Parts/PartsSalesOrder/PartSalesOrderLine1/PartSaleOrderLine1_newpart' is clicked on

2017-11-28 12:11:54 - [MESSAGE][PASSED] - Object: 'Object Repository/Parts/PartsSalesOrder/PartSalesOrderLine1/PartSaleOrderLine1_newpart' is clicked on

2017-11-28 12:11:54 - [TEST_STEP][PASSED] - delay: Delayed 3 second(s)

2017-11-28 12:11:57 - [MESSAGE][PASSED] - Delayed 3 second(s)

2017-11-28 12:11:57 - [TEST_STEP][FAILED] - setText: Unable to set text 'R123438' of object 'Object Repository/Parts/PartsSalesOrder/PartSalesOrderLine1/PartSaleOrderLine1_PartNumber' (Root cause: com.kms.katalon.core.webui.exception.WebElementNotFoundException: Web element with id: 'Object Repository/Parts/PartsSalesOrder/PartSalesOrderLine1/PartSaleOrderLine1_PartNumber' located by 'By.xpath: //input[count(. | id("tdtre4101s002-2-grid-1-tdsls401.item.segment.2-82-0-widget")) = count(id("tdtre4101s002-2-grid-1-tdsls401.item.segment.2-82-0-widget"))][count(. | //*[@maxlength = '29']) = count(//*[@maxlength = '29'])][count(. | //*[@id = 'tdtre4101s002-2-grid-1-tdsls401.item.segment.2-82-0-widget']) = count(//*[@id = 'tdtre4101s002-2-grid-1-tdsls401.item.segment.2-82-0-widget'])][count(. | //*[@type = 'text']) = count(//*[@type = 'text'])][count(. | //*[@class = 'TextInputField TriggerInputFieldWidget TextInputField-empty']) = count(//*[@class = 'TextInputField TriggerInputFieldWidget TextInputField-empty'])]' not found)

2017-11-28 12:12:32 - [MESSAGE][FAILED] - Unable to set text 'R123438' of object 'Object Repository/Parts/PartsSalesOrder/PartSalesOrderLine1/PartSaleOrderLine1_PartNumber' (Root cause: com.kms.katalon.core.webui.exception.WebElementNotFoundException: Web element with id: 'Object Repository/Parts/PartsSalesOrder/PartSalesOrderLine1/PartSaleOrderLine1_PartNumber' located by 'By.xpath: //input[count(. | id("tdtre4101s002-2-grid-1-tdsls401.item.segment.2-82-0-widget")) = count(id("tdtre4101s002-2-grid-1-tdsls401.item.segment.2-82-0-widget"))][count(. | //*[@maxlength = '29']) = count(//*[@maxlength = '29'])][count(. | //*[@id = 'tdtre4101s002-2-grid-1-tdsls401.item.segment.2-82-0-widget']) = count(//*[@id = 'tdtre4101s002-2-grid-1-tdsls401.item.segment.2-82-0-widget'])][count(. | //*[@type = 'text']) = count(//*[@type = 'text'])][count(. | //*[@class = 'TextInputField TriggerInputFieldWidget TextInputField-empty']) = count(//*[@class = 'TextInputField TriggerInputFieldWidget TextInputField-empty'])]' not found)
[[ATTACHMENT|C:\\Users\\rgajbhiye\\git\\FlaglerCC\\Reports\\Flagler_PartsTestSuite\\20171128_121107\\1511851351660.png]]

2017-11-28 12:12:32 - [MESSAGE][FAILED] - Unable to call Test Case with id 'Test Cases/Parts/BaseTestCases/Base_Part_AddPartLinePos1' (Root cause: Call Test Case 'Test Cases/Parts/BaseTestCases/Base_Part_AddPartLinePos1' failed)

2017-11-28 12:12:32 - [TEST_STEP][FAILED] - callTestCase: Unable to call Test Case with id 'Test Cases/Parts/BaseTestCases/Base_Part_PickPacknInvoiceWithCC' (Root cause: Call Test Case 'Test Cases/Parts/BaseTestCases/Base_Part_PickPacknInvoiceWithCC' failed)

2017-11-28 12:12:32 - [TEST_CASE][FAILED] - Test Cases/Parts/BaseTestCases/Base_Part_PickPacknInvoiceWithCC: Test Cases/Parts/BaseTestCases/Base_Part_PickPacknInvoiceWithCC FAILED because (of) Unable to verify object 'Object Repository/Parts/PartsSalesOrder/PartsSaleOrderHeader/PartSalesOrder_LocationOption' is visible (Root cause: Web element with id: 'Object Repository/Parts/PartsSalesOrder/PartsSaleOrderHeader/PartSalesOrder_LocationOption' located by 'By.xpath: //*[@id = 'dlg-tdtre4101m002-1-input-button-1']' not found)

2017-11-28 12:12:32 - [TEST_STEP][PASSED] - click: Object: 'Object Repository/Parts/PartsSalesOrder/PartsSaleOrderHeader/PartSalesOrder_Action' is clicked on

2017-11-28 12:12:32 - [MESSAGE][PASSED] - Object: 'Object Repository/Parts/PartsSalesOrder/PartsSaleOrderHeader/PartSalesOrder_Action' is clicked on

2017-11-28 12:12:32 - [TEST_STEP][PASSED] - delay: Delayed 3 second(s)

2017-11-28 12:12:35 - [MESSAGE][PASSED] - Delayed 3 second(s)

2017-11-28 12:12:35 - [TEST_STEP][PASSED] - waitForElementClickable: Object 'Object Repository/Parts/PartsSalesOrder/PartsSaleOrderHeader/PartSalesOrder_PickPacknInvoice' is clickable

2017-11-28 12:12:36 - [MESSAGE][PASSED] - Object 'Object Repository/Parts/PartsSalesOrder/PartsSaleOrderHeader/PartSalesOrder_PickPacknInvoice' is clickable

2017-11-28 12:12:36 - [TEST_STEP][PASSED] - click: Object: 'Object Repository/Parts/PartsSalesOrder/PartsSaleOrderHeader/PartSalesOrder_PickPacknInvoice' is clicked on

2017-11-28 12:12:36 - [MESSAGE][PASSED] - Object: 'Object Repository/Parts/PartsSalesOrder/PartsSaleOrderHeader/PartSalesOrder_PickPacknInvoice' is clicked on

2017-11-28 12:12:36 - [TEST_STEP][PASSED] - delay: Delayed 5 second(s)

2017-11-28 12:12:41 - [MESSAGE][PASSED] - Delayed 5 second(s)

2017-11-28 12:12:41 - [TEST_STEP][NOT_RUN] - click: NOT_RUN: click

2017-11-28 12:12:41 - [MESSAGE][NOT_RUN] - NOT_RUN: click

2017-11-28 12:12:41 - [TEST_STEP][FAILED] - Statement - If (com.kms.katalon.core.webui.keyword.WebUiBuiltInKeywords.verifyElementVisible(com.kms.katalon.core.testobject.ObjectRepository.findTestObject(Object Repository/Parts/PartsSalesOrder/PartsSaleOrderHeader/PartSalesOrder_LocationOption)) == true): Unable to verify object 'Object Repository/Parts/PartsSalesOrder/PartsSaleOrderHeader/PartSalesOrder_LocationOption' is visible (Root cause: Web element with id: 'Object Repository/Parts/PartsSalesOrder/PartsSaleOrderHeader/PartSalesOrder_LocationOption' located by 'By.xpath: //*[@id = 'dlg-tdtre4101m002-1-input-button-1']' not found)

2017-11-28 12:13:15 - [MESSAGE][FAILED] - Web element with id: 'Object Repository/Parts/PartsSalesOrder/PartsSaleOrderHeader/PartSalesOrder_LocationOption' located by 'By.xpath: //*[@id = 'dlg-tdtre4101m002-1-input-button-1']' not found
[[ATTACHMENT|C:\\Users\\rgajbhiye\\git\\FlaglerCC\\Reports\\Flagler_PartsTestSuite\\20171128_121107\\1511851395088.png]]

2017-11-28 12:13:15 - [MESSAGE][FAILED] - Unable to verify object 'Object Repository/Parts/PartsSalesOrder/PartsSaleOrderHeader/PartSalesOrder_LocationOption' is visible (Root cause: Web element with id: 'Object Repository/Parts/PartsSalesOrder/PartsSaleOrderHeader/PartSalesOrder_LocationOption' located by 'By.xpath: //*[@id = 'dlg-tdtre4101m002-1-input-button-1']' not found)
[[ATTACHMENT|C:\\Users\\rgajbhiye\\git\\FlaglerCC\\Reports\\Flagler_PartsTestSuite\\20171128_121107\\1511851395373.png]]

2017-11-28 12:13:15 - [MESSAGE][FAILED] - Unable to call Test Case with id 'Test Cases/Parts/BaseTestCases/Base_Part_PickPacknInvoiceWithCC' (Root cause: Call Test Case 'Test Cases/Parts/BaseTestCases/Base_Part_PickPacknInvoiceWithCC' failed)]]></system-out>
         <system-err><![CDATA[2017-11-28 12:11:15 - [TEST_CASE][ERROR] - Test Cases/Parts/CreditCardRegression/TC001_Parts_CreditCard: Test Cases/Parts/CreditCardRegression/TC001_Parts_CreditCard FAILED because (of) Variable 'G_Part_PSO' is not defined for test case.]]></system-err>
      </testcase>
      <system-out><![CDATA[2017-11-28 12:11:14 - [TEST_SUITE][ERROR] - Flagler_PartsTestSuite: Test Cases/Parts/CreditCardRegression/TC001_Parts_CreditCard FAILED because (of) Variable 'G_Part_PSO' is not defined for test case.]]></system-out>
      <system-err><![CDATA[2017-11-28 12:11:14 - [TEST_SUITE][ERROR] - Flagler_PartsTestSuite: Test Cases/Parts/CreditCardRegression/TC001_Parts_CreditCard FAILED because (of) Variable 'G_Part_PSO' is not defined for test case.]]></system-err>
   </testsuite>
</testsuites>
