<?xml version="1.0" encoding="UTF-8"?>
<testsuites name="Flagler_PartsTestSuite" time="81" tests="0" failures="0" errors="0">
   <testsuite name="Flagler_PartsTestSuite" tests="0" failures="0" errors="0" time="81" timestamp="2017-11-28 12:16:12" hostname="rgajbhiye - EET-RG.e-emphasys.com" id="Test Suites/Flagler_PartsTestSuite">
      <properties>
         <property name="deviceName" value=""/>
         <property name="devicePlatform" value=""/>
         <property name="logFolder" value="C:\\Users\\rgajbhiye\\git\\FlaglerCC\\Reports\\Flagler_PartsTestSuite\\20171128_121605"/>
         <property name="logFiles" value="C:\\Users\\rgajbhiye\\git\\FlaglerCC\\Reports\\Flagler_PartsTestSuite\\20171128_121605\\execution0.log"/>
         <property name="attachments" value="C:\\Users\\rgajbhiye\\git\\FlaglerCC\\Reports\\Flagler_PartsTestSuite\\20171128_121605\\1511851652775.png"/>
         <property name="hostName" value="rgajbhiye - EET-RG.e-emphasys.com"/>
         <property name="os" value="Windows 7 64bit"/>
         <property name="katalonVersion" value="5.0.0.1"/>
         <property name="browser" value="Firefox 43.0"/>
         <property name="hostAddress" value="192.168.25.107"/>
         <property name="sessionId" value="d51f6692-ee06-477f-aa55-b873f8a7d340"/>
         <property name="seleniumVersion" value="2.53.0"/>
         <property name="proxyInformation" value="ProxyInformation{proxyOption=NO_PROXY, proxyServerType=, password=, proxyServerAddress=, proxyServerPort=0}"/>
         <property name="platform" value="Windows 7"/>
      </properties>
      <testcase name="Test Cases/Parts/CreditCardRegression/TC001_Parts_CreditCard" classname="Test Cases/Parts/CreditCardRegression/TC001_Parts_CreditCard" status="INCOMPLETE">
         <system-out><![CDATA[2017-11-28 12:16:12 - [TEST_CASE][INCOMPLETE] - Test Cases/Parts/CreditCardRegression/TC001_Parts_CreditCard: null

2017-11-28 12:16:13 - [TEST_STEP][PASSED] - callTestCase: Call Test Case 'Test Cases/Parts/BaseTestCases/Base_Part_CreateHeader_WithCC_Flagler' successfully

2017-11-28 12:16:13 - [TEST_CASE][PASSED] - Test Cases/Parts/BaseTestCases/Base_Part_CreateHeader_WithCC_Flagler: Test Cases/Parts/BaseTestCases/Base_Part_CreateHeader_WithCC_Flagler

2017-11-28 12:16:14 - [TEST_STEP][PASSED] - callTestCase: Call Test Case 'Test Cases/Common/Base_Common_OpenSession' successfully

2017-11-28 12:16:14 - [TEST_CASE][PASSED] - Test Cases/Common/Base_Common_OpenSession: Test Cases/Common/Base_Common_OpenSession

2017-11-28 12:16:14 - [TEST_STEP][PASSED] - openBrowser: Browser is opened with url: 'http://baan:3Xtend27$13@192.168.20.241:8312/webui/servlet/login'

2017-11-28 12:16:24 - [MESSAGE][PASSED] - Browser is opened with url: 'http://baan:3Xtend27$13@192.168.20.241:8312/webui/servlet/login'

2017-11-28 12:16:24 - [TEST_STEP][PASSED] - waitForPageLoad: Wait for page load successfully

2017-11-28 12:16:24 - [MESSAGE][PASSED] - Wait for page load successfully

2017-11-28 12:16:24 - [TEST_STEP][PASSED] - maximizeWindow: Current window maximized

2017-11-28 12:16:24 - [MESSAGE][PASSED] - Current window maximized

2017-11-28 12:16:24 - [TEST_STEP][PASSED] - click: Object: 'Object Repository/Common/HomePage/HomePage_more' is clicked on

2017-11-28 12:16:29 - [MESSAGE][PASSED] - Object: 'Object Repository/Common/HomePage/HomePage_more' is clicked on

2017-11-28 12:16:29 - [TEST_STEP][PASSED] - click: Object: 'Object Repository/Common/HomePage/HomePage_Option' is clicked on

2017-11-28 12:16:29 - [MESSAGE][PASSED] - Object: 'Object Repository/Common/HomePage/HomePage_Option' is clicked on

2017-11-28 12:16:29 - [TEST_STEP][PASSED] - click: Object: 'Object Repository/Common/HomePage/HomePage_RunProgram_' is clicked on

2017-11-28 12:16:29 - [MESSAGE][PASSED] - Object: 'Object Repository/Common/HomePage/HomePage_RunProgram_' is clicked on

2017-11-28 12:16:29 - [TEST_STEP][PASSED] - sendKeys: Keys 'tdsls4500m002' sent to object: 'Object Repository/Common/HomePage/HomePage_Session_ID'

2017-11-28 12:16:29 - [MESSAGE][PASSED] - Keys 'tdsls4500m002' sent to object: 'Object Repository/Common/HomePage/HomePage_Session_ID'

2017-11-28 12:16:29 - [TEST_STEP][PASSED] - click: Object: 'Object Repository/Common/HomePage/HomePage_OkButton' is clicked on

2017-11-28 12:16:30 - [MESSAGE][PASSED] - Object: 'Object Repository/Common/HomePage/HomePage_OkButton' is clicked on

2017-11-28 12:16:30 - [MESSAGE][PASSED] - Call Test Case 'Test Cases/Common/Base_Common_OpenSession' successfully

2017-11-28 12:16:30 - [TEST_STEP][PASSED] - click: Object: 'Object Repository/Parts/PartsSalesOrder/PartsSaleOrderHeader/PartSaleOrder_NewButton' is clicked on

2017-11-28 12:16:34 - [MESSAGE][PASSED] - Object: 'Object Repository/Parts/PartsSalesOrder/PartsSaleOrderHeader/PartSaleOrder_NewButton' is clicked on

2017-11-28 12:16:34 - [TEST_STEP][PASSED] - waitForElementPresent: Object 'Object Repository/Parts/PartsSalesOrder/PartsSaleOrderHeader/Partsalesorder_customer' is present

2017-11-28 12:16:37 - [MESSAGE][PASSED] - Object 'Object Repository/Parts/PartsSalesOrder/PartsSaleOrderHeader/Partsalesorder_customer' is present

2017-11-28 12:16:37 - [TEST_STEP][PASSED] - setText: Text 'BP0004776' is set on object 'Object Repository/Parts/PartsSalesOrder/PartsSaleOrderHeader/Partsalesorder_customer'

2017-11-28 12:16:37 - [MESSAGE][PASSED] - Text 'BP0004776' is set on object 'Object Repository/Parts/PartsSalesOrder/PartsSaleOrderHeader/Partsalesorder_customer'

2017-11-28 12:16:37 - [TEST_STEP][NOT_RUN] - sendKeys: NOT_RUN: sendKeys

2017-11-28 12:16:37 - [MESSAGE][NOT_RUN] - NOT_RUN: sendKeys

2017-11-28 12:16:37 - [TEST_STEP][PASSED] - click: Object: 'Object Repository/Parts/PartsSalesOrder/PartsSaleOrderHeader/PartSalesOrder_Tax' is clicked on

2017-11-28 12:16:38 - [MESSAGE][PASSED] - Object: 'Object Repository/Parts/PartsSalesOrder/PartsSaleOrderHeader/PartSalesOrder_Tax' is clicked on

2017-11-28 12:16:38 - [TEST_STEP][NOT_RUN] - click: NOT_RUN: click

2017-11-28 12:16:38 - [MESSAGE][NOT_RUN] - NOT_RUN: click

2017-11-28 12:16:38 - [TEST_STEP][PASSED] - click: Object: 'Object Repository/Parts/PartsSalesOrder/PartsSaleOrderHeader/PartSaleOrder_OtherDetailsTab' is clicked on

2017-11-28 12:16:38 - [MESSAGE][PASSED] - Object: 'Object Repository/Parts/PartsSalesOrder/PartsSaleOrderHeader/PartSaleOrder_OtherDetailsTab' is clicked on

2017-11-28 12:16:38 - [TEST_STEP][PASSED] - delay: Delayed 2 second(s)

2017-11-28 12:16:40 - [MESSAGE][PASSED] - Delayed 2 second(s)

2017-11-28 12:16:40 - [TEST_STEP][PASSED] - click: Object: 'Object Repository/Parts/PartsSalesOrder/PartsSaleOrderHeader/PartSaleOrder_Unit' is clicked on

2017-11-28 12:16:40 - [MESSAGE][PASSED] - Object: 'Object Repository/Parts/PartsSalesOrder/PartsSaleOrderHeader/PartSaleOrder_Unit' is clicked on

2017-11-28 12:16:40 - [TEST_STEP][PASSED] - delay: Delayed 2 second(s)

2017-11-28 12:16:42 - [MESSAGE][PASSED] - Delayed 2 second(s)

2017-11-28 12:16:42 - [TEST_STEP][PASSED] - sendKeys: Keys 'EQ1402768' sent to object: 'Object Repository/Parts/PartsSalesOrder/PartsSaleOrderHeader/PartSaleOrder_Unit'

2017-11-28 12:16:42 - [MESSAGE][PASSED] - Keys 'EQ1402768' sent to object: 'Object Repository/Parts/PartsSalesOrder/PartsSaleOrderHeader/PartSaleOrder_Unit'

2017-11-28 12:16:42 - [TEST_STEP][PASSED] - click: Object: 'Object Repository/Parts/PartsSalesOrder/PartsSaleOrderHeader/PartSalesOrder_ModeOfPayment' is clicked on

2017-11-28 12:16:43 - [MESSAGE][PASSED] - Object: 'Object Repository/Parts/PartsSalesOrder/PartsSaleOrderHeader/PartSalesOrder_ModeOfPayment' is clicked on

2017-11-28 12:16:43 - [TEST_STEP][PASSED] - click: Object: 'Object Repository/Parts/PartsSalesOrder/PartsSaleOrderHeader/PartSalesOrder_CreditCardOption' is clicked on

2017-11-28 12:16:43 - [MESSAGE][PASSED] - Object: 'Object Repository/Parts/PartsSalesOrder/PartsSaleOrderHeader/PartSalesOrder_CreditCardOption' is clicked on

2017-11-28 12:16:43 - [TEST_STEP][PASSED] - click: Object: 'Object Repository/Parts/PartsSalesOrder/PartsSaleOrderHeader/PartSalesorder_Save' is clicked on

2017-11-28 12:16:43 - [MESSAGE][PASSED] - Object: 'Object Repository/Parts/PartsSalesOrder/PartsSaleOrderHeader/PartSalesorder_Save' is clicked on

2017-11-28 12:16:43 - [TEST_STEP][PASSED] - click: Object: 'Object Repository/Parts/PartsSalesOrder/PartsSaleOrderHeader/PSO_Header_GeneralTab' is clicked on

2017-11-28 12:16:43 - [MESSAGE][PASSED] - Object: 'Object Repository/Parts/PartsSalesOrder/PartsSaleOrderHeader/PSO_Header_GeneralTab' is clicked on

2017-11-28 12:16:43 - [TEST_STEP][PASSED] - delay: Delayed 5 second(s)

2017-11-28 12:16:48 - [MESSAGE][PASSED] - Delayed 5 second(s)

2017-11-28 12:16:48 - [TEST_STEP][PASSED] - Statement - G_Part_PSO = com.kms.katalon.core.webui.keyword.WebUiBuiltInKeywords.getAttribute(com.kms.katalon.core.testobject.ObjectRepository.findTestObject(Parts/PartsSalesOrder/PartsSaleOrderHeader/PartSalesOrder_OrderNo), "value"): Attribute 'value' of object 'Object Repository/Parts/PartsSalesOrder/PartsSaleOrderHeader/PartSalesOrder_OrderNo' is: 'PSO020072'

2017-11-28 12:16:48 - [MESSAGE][PASSED] - Attribute 'value' of object 'Object Repository/Parts/PartsSalesOrder/PartsSaleOrderHeader/PartSalesOrder_OrderNo' is: 'PSO020072'

2017-11-28 12:16:48 - [TEST_STEP][PASSED] - dragAndDropByOffset: Dragged object with id 'Object Repository/Parts/PartsSalesOrder/PartsSaleOrderHeader/PartSalesOrder_scroller' by offset distance x = 0 and y = -100 successfully

2017-11-28 12:16:52 - [MESSAGE][PASSED] - Dragged object with id 'Object Repository/Parts/PartsSalesOrder/PartsSaleOrderHeader/PartSalesOrder_scroller' by offset distance x = 0 and y = -100 successfully

2017-11-28 12:16:52 - [TEST_STEP][PASSED] - Statement - println("sale order number" + G_Part_PSO): null

2017-11-28 12:16:52 - [MESSAGE][PASSED] - Call Test Case 'Test Cases/Parts/BaseTestCases/Base_Part_CreateHeader_WithCC_Flagler' successfully

2017-11-28 12:16:52 - [TEST_STEP][FAILED] - callTestCase: Unable to call Test Case with id 'Test Cases/Parts/BaseTestCases/Base_Part_AddPartLinePos1' (Root cause: Call Test Case 'Test Cases/Parts/BaseTestCases/Base_Part_AddPartLinePos1' failed)

2017-11-28 12:16:52 - [TEST_CASE][FAILED] - Test Cases/Parts/BaseTestCases/Base_Part_AddPartLinePos1: Test Cases/Parts/BaseTestCases/Base_Part_AddPartLinePos1 FAILED because (of) Unable to set text 'R123438' of object 'Object Repository/Parts/PartsSalesOrder/PartSalesOrderLine1/PartSaleOrderLine1_PartNumber' (Root cause: com.kms.katalon.core.webui.exception.WebElementNotFoundException: Web element with id: 'Object Repository/Parts/PartsSalesOrder/PartSalesOrderLine1/PartSaleOrderLine1_PartNumber' located by 'By.xpath: //input[count(. | id("tdtre4101s002-2-grid-1-tdsls401.item.segment.2-82-0-widget")) = count(id("tdtre4101s002-2-grid-1-tdsls401.item.segment.2-82-0-widget"))][count(. | //*[@maxlength = '29']) = count(//*[@maxlength = '29'])][count(. | //*[@id = 'tdtre4101s002-2-grid-1-tdsls401.item.segment.2-82-0-widget']) = count(//*[@id = 'tdtre4101s002-2-grid-1-tdsls401.item.segment.2-82-0-widget'])][count(. | //*[@type = 'text']) = count(//*[@type = 'text'])][count(. | //*[@class = 'TextInputField TriggerInputFieldWidget TextInputField-empty']) = count(//*[@class = 'TextInputField TriggerInputFieldWidget TextInputField-empty'])]' not found)

2017-11-28 12:16:52 - [TEST_STEP][PASSED] - click: Object: 'Object Repository/Parts/PartsSalesOrder/PartSalesOrderLine1/PartSaleOrderLine1_newpart' is clicked on

2017-11-28 12:16:55 - [MESSAGE][PASSED] - Object: 'Object Repository/Parts/PartsSalesOrder/PartSalesOrderLine1/PartSaleOrderLine1_newpart' is clicked on

2017-11-28 12:16:55 - [TEST_STEP][PASSED] - delay: Delayed 3 second(s)

2017-11-28 12:16:58 - [MESSAGE][PASSED] - Delayed 3 second(s)

2017-11-28 12:16:58 - [TEST_STEP][FAILED] - setText: Unable to set text 'R123438' of object 'Object Repository/Parts/PartsSalesOrder/PartSalesOrderLine1/PartSaleOrderLine1_PartNumber' (Root cause: com.kms.katalon.core.webui.exception.WebElementNotFoundException: Web element with id: 'Object Repository/Parts/PartsSalesOrder/PartSalesOrderLine1/PartSaleOrderLine1_PartNumber' located by 'By.xpath: //input[count(. | id("tdtre4101s002-2-grid-1-tdsls401.item.segment.2-82-0-widget")) = count(id("tdtre4101s002-2-grid-1-tdsls401.item.segment.2-82-0-widget"))][count(. | //*[@maxlength = '29']) = count(//*[@maxlength = '29'])][count(. | //*[@id = 'tdtre4101s002-2-grid-1-tdsls401.item.segment.2-82-0-widget']) = count(//*[@id = 'tdtre4101s002-2-grid-1-tdsls401.item.segment.2-82-0-widget'])][count(. | //*[@type = 'text']) = count(//*[@type = 'text'])][count(. | //*[@class = 'TextInputField TriggerInputFieldWidget TextInputField-empty']) = count(//*[@class = 'TextInputField TriggerInputFieldWidget TextInputField-empty'])]' not found)

2017-11-28 12:17:33 - [MESSAGE][FAILED] - Unable to set text 'R123438' of object 'Object Repository/Parts/PartsSalesOrder/PartSalesOrderLine1/PartSaleOrderLine1_PartNumber' (Root cause: com.kms.katalon.core.webui.exception.WebElementNotFoundException: Web element with id: 'Object Repository/Parts/PartsSalesOrder/PartSalesOrderLine1/PartSaleOrderLine1_PartNumber' located by 'By.xpath: //input[count(. | id("tdtre4101s002-2-grid-1-tdsls401.item.segment.2-82-0-widget")) = count(id("tdtre4101s002-2-grid-1-tdsls401.item.segment.2-82-0-widget"))][count(. | //*[@maxlength = '29']) = count(//*[@maxlength = '29'])][count(. | //*[@id = 'tdtre4101s002-2-grid-1-tdsls401.item.segment.2-82-0-widget']) = count(//*[@id = 'tdtre4101s002-2-grid-1-tdsls401.item.segment.2-82-0-widget'])][count(. | //*[@type = 'text']) = count(//*[@type = 'text'])][count(. | //*[@class = 'TextInputField TriggerInputFieldWidget TextInputField-empty']) = count(//*[@class = 'TextInputField TriggerInputFieldWidget TextInputField-empty'])]' not found)
[[ATTACHMENT|C:\\Users\\rgajbhiye\\git\\FlaglerCC\\Reports\\Flagler_PartsTestSuite\\20171128_121605\\1511851652775.png]]

2017-11-28 12:17:33 - [MESSAGE][FAILED] - Unable to call Test Case with id 'Test Cases/Parts/BaseTestCases/Base_Part_AddPartLinePos1' (Root cause: Call Test Case 'Test Cases/Parts/BaseTestCases/Base_Part_AddPartLinePos1' failed)

2017-11-28 12:17:33 - [TEST_STEP][INCOMPLETE] - callTestCase: null

2017-11-28 12:17:33 - [TEST_CASE][INCOMPLETE] - Test Cases/Parts/BaseTestCases/Base_Part_PickPacknInvoiceWithCC: null

2017-11-28 12:17:33 - [TEST_STEP][PASSED] - click: Object: 'Object Repository/Parts/PartsSalesOrder/PartsSaleOrderHeader/PartSalesOrder_Action' is clicked on

2017-11-28 12:17:34 - [MESSAGE][PASSED] - Object: 'Object Repository/Parts/PartsSalesOrder/PartsSaleOrderHeader/PartSalesOrder_Action' is clicked on

2017-11-28 12:17:34 - [TEST_STEP][INCOMPLETE] - delay: Delaying browser in 3 second(s)]]></system-out>
         <system-err><![CDATA[2017-11-28 12:16:12 - [TEST_CASE][INCOMPLETE] - Test Cases/Parts/CreditCardRegression/TC001_Parts_CreditCard: null]]></system-err>
      </testcase>
      <system-out><![CDATA[2017-11-28 12:16:12 - [TEST_SUITE][INCOMPLETE] - Flagler_PartsTestSuite: null]]></system-out>
      <system-err><![CDATA[2017-11-28 12:16:12 - [TEST_SUITE][INCOMPLETE] - Flagler_PartsTestSuite: null]]></system-err>
   </testsuite>
</testsuites>
