<?xml version="1.0" encoding="UTF-8"?>
<testsuites name="Flagler_PartsTestSuite" time="38" tests="0" failures="0" errors="0">
   <testsuite name="Flagler_PartsTestSuite" tests="0" failures="0" errors="0" time="38" timestamp="2017-11-28 11:13:54" hostname="rgajbhiye - EET-RG.e-emphasys.com" id="Test Suites/Flagler_PartsTestSuite">
      <properties>
         <property name="deviceName" value=""/>
         <property name="devicePlatform" value=""/>
         <property name="logFolder" value="C:\\Users\\rgajbhiye\\git\\FlaglerCC\\Reports\\Flagler_PartsTestSuite\\20171128_111347"/>
         <property name="logFiles" value="C:\\Users\\rgajbhiye\\git\\FlaglerCC\\Reports\\Flagler_PartsTestSuite\\20171128_111347\\execution0.log"/>
         <property name="attachments" value="C:\\Users\\rgajbhiye\\git\\FlaglerCC\\Reports\\Flagler_PartsTestSuite\\20171128_111347\\1511847860331.png"/>
         <property name="hostName" value="rgajbhiye - EET-RG.e-emphasys.com"/>
         <property name="os" value="Windows 7 64bit"/>
         <property name="katalonVersion" value="5.0.0.1"/>
         <property name="browser" value="Firefox 43.0"/>
         <property name="hostAddress" value="192.168.25.107"/>
         <property name="sessionId" value="bfb5a259-0acc-4af3-be45-94fe24c30f63"/>
         <property name="seleniumVersion" value="2.53.0"/>
         <property name="proxyInformation" value="ProxyInformation{proxyOption=NO_PROXY, proxyServerType=, password=, proxyServerAddress=, proxyServerPort=0}"/>
         <property name="platform" value="Windows 7"/>
      </properties>
      <testcase name="Test Cases/Parts/CreditCardRegression/TC001_Parts_CreditCard" classname="Test Cases/Parts/CreditCardRegression/TC001_Parts_CreditCard" status="INCOMPLETE">
         <system-out><![CDATA[2017-11-28 11:13:54 - [TEST_CASE][INCOMPLETE] - Test Cases/Parts/CreditCardRegression/TC001_Parts_CreditCard: null

2017-11-28 11:13:55 - [TEST_STEP][FAILED] - callTestCase: Unable to call Test Case with id 'Test Cases/Parts/BaseTestCases/Base_Part_CreateHeader_WithCC_Flagler' (Root cause: Call Test Case 'Test Cases/Parts/BaseTestCases/Base_Part_CreateHeader_WithCC_Flagler' failed)

2017-11-28 11:13:55 - [TEST_CASE][FAILED] - Test Cases/Parts/BaseTestCases/Base_Part_CreateHeader_WithCC_Flagler: Test Cases/Parts/BaseTestCases/Base_Part_CreateHeader_WithCC_Flagler FAILED because (of) Unable to double click on object 'Object Repository/Parts/PartsSalesOrder/PartsSaleOrderHeader/PartSaleOrder_Unit' (Root cause: org.openqa.selenium.ElementNotVisibleException: Element is not currently visible and so may not be interacted with (WARNING: The server did not provide any stacktrace information)
Command duration or timeout: 10 milliseconds
Build info: version: '2.53.0', revision: '35ae25b', time: '2016-03-15 17:00:58'
System info: host: 'EET-RG', ip: '192.168.25.107', os.name: 'Windows 7', os.arch: 'amd64', os.version: '6.1', java.version: '1.8.0_102'
Driver info: com.kms.katalon.selenium.driver.CFirefoxDriver
Capabilities [{applicationCacheEnabled=true, rotatable=false, handlesAlerts=true, databaseEnabled=true, version=43.0.1, platform=WINDOWS, nativeEvents=false, acceptSslCerts=true, webStorageEnabled=true, locationContextEnabled=true, browserName=firefox, takesScreenshot=true, javascriptEnabled=true, cssSelectorsEnabled=true}]
Session ID: bfb5a259-0acc-4af3-be45-94fe24c30f63)

2017-11-28 11:13:55 - [TEST_STEP][PASSED] - callTestCase: Call Test Case 'Test Cases/Common/Base_Common_OpenSession' successfully

2017-11-28 11:13:55 - [TEST_CASE][PASSED] - Test Cases/Common/Base_Common_OpenSession: Test Cases/Common/Base_Common_OpenSession

2017-11-28 11:13:56 - [TEST_STEP][PASSED] - openBrowser: Browser is opened with url: 'http://baan:3Xtend27$13@192.168.20.241:8312/webui/servlet/login'

2017-11-28 11:14:06 - [MESSAGE][PASSED] - Browser is opened with url: 'http://baan:3Xtend27$13@192.168.20.241:8312/webui/servlet/login'

2017-11-28 11:14:06 - [TEST_STEP][PASSED] - waitForPageLoad: Wait for page load successfully

2017-11-28 11:14:06 - [MESSAGE][PASSED] - Wait for page load successfully

2017-11-28 11:14:06 - [TEST_STEP][PASSED] - maximizeWindow: Current window maximized

2017-11-28 11:14:06 - [MESSAGE][PASSED] - Current window maximized

2017-11-28 11:14:06 - [TEST_STEP][PASSED] - click: Object: 'Object Repository/Common/HomePage/HomePage_more' is clicked on

2017-11-28 11:14:10 - [MESSAGE][PASSED] - Object: 'Object Repository/Common/HomePage/HomePage_more' is clicked on

2017-11-28 11:14:10 - [TEST_STEP][PASSED] - click: Object: 'Object Repository/Common/HomePage/HomePage_Option' is clicked on

2017-11-28 11:14:11 - [MESSAGE][PASSED] - Object: 'Object Repository/Common/HomePage/HomePage_Option' is clicked on

2017-11-28 11:14:11 - [TEST_STEP][PASSED] - click: Object: 'Object Repository/Common/HomePage/HomePage_RunProgram_' is clicked on

2017-11-28 11:14:11 - [MESSAGE][PASSED] - Object: 'Object Repository/Common/HomePage/HomePage_RunProgram_' is clicked on

2017-11-28 11:14:11 - [TEST_STEP][PASSED] - sendKeys: Keys 'tdsls4500m002' sent to object: 'Object Repository/Common/HomePage/HomePage_Session_ID'

2017-11-28 11:14:11 - [MESSAGE][PASSED] - Keys 'tdsls4500m002' sent to object: 'Object Repository/Common/HomePage/HomePage_Session_ID'

2017-11-28 11:14:11 - [TEST_STEP][PASSED] - click: Object: 'Object Repository/Common/HomePage/HomePage_OkButton' is clicked on

2017-11-28 11:14:11 - [MESSAGE][PASSED] - Object: 'Object Repository/Common/HomePage/HomePage_OkButton' is clicked on

2017-11-28 11:14:11 - [MESSAGE][PASSED] - Call Test Case 'Test Cases/Common/Base_Common_OpenSession' successfully

2017-11-28 11:14:11 - [TEST_STEP][PASSED] - click: Object: 'Object Repository/Parts/PartsSalesOrder/PartsSaleOrderHeader/PartSaleOrder_NewButton' is clicked on

2017-11-28 11:14:16 - [MESSAGE][PASSED] - Object: 'Object Repository/Parts/PartsSalesOrder/PartsSaleOrderHeader/PartSaleOrder_NewButton' is clicked on

2017-11-28 11:14:16 - [TEST_STEP][PASSED] - waitForElementPresent: Object 'Object Repository/Parts/PartsSalesOrder/PartsSaleOrderHeader/Partsalesorder_customer' is present

2017-11-28 11:14:19 - [MESSAGE][PASSED] - Object 'Object Repository/Parts/PartsSalesOrder/PartsSaleOrderHeader/Partsalesorder_customer' is present

2017-11-28 11:14:19 - [TEST_STEP][PASSED] - setText: Text 'BP0004776' is set on object 'Object Repository/Parts/PartsSalesOrder/PartsSaleOrderHeader/Partsalesorder_customer'

2017-11-28 11:14:19 - [MESSAGE][PASSED] - Text 'BP0004776' is set on object 'Object Repository/Parts/PartsSalesOrder/PartsSaleOrderHeader/Partsalesorder_customer'

2017-11-28 11:14:19 - [TEST_STEP][NOT_RUN] - sendKeys: NOT_RUN: sendKeys

2017-11-28 11:14:19 - [MESSAGE][NOT_RUN] - NOT_RUN: sendKeys

2017-11-28 11:14:19 - [TEST_STEP][PASSED] - click: Object: 'Object Repository/Parts/PartsSalesOrder/PartsSaleOrderHeader/PartSalesOrder_Tax' is clicked on

2017-11-28 11:14:19 - [MESSAGE][PASSED] - Object: 'Object Repository/Parts/PartsSalesOrder/PartsSaleOrderHeader/PartSalesOrder_Tax' is clicked on

2017-11-28 11:14:19 - [TEST_STEP][NOT_RUN] - click: NOT_RUN: click

2017-11-28 11:14:19 - [MESSAGE][NOT_RUN] - NOT_RUN: click

2017-11-28 11:14:19 - [TEST_STEP][PASSED] - click: Object: 'Object Repository/Parts/PartsSalesOrder/PartsSaleOrderHeader/PartSaleOrder_OtherDetailsTab' is clicked on

2017-11-28 11:14:20 - [MESSAGE][PASSED] - Object: 'Object Repository/Parts/PartsSalesOrder/PartsSaleOrderHeader/PartSaleOrder_OtherDetailsTab' is clicked on

2017-11-28 11:14:20 - [TEST_STEP][FAILED] - doubleClick: Unable to double click on object 'Object Repository/Parts/PartsSalesOrder/PartsSaleOrderHeader/PartSaleOrder_Unit' (Root cause: org.openqa.selenium.ElementNotVisibleException: Element is not currently visible and so may not be interacted with (WARNING: The server did not provide any stacktrace information)
Command duration or timeout: 10 milliseconds
Build info: version: '2.53.0', revision: '35ae25b', time: '2016-03-15 17:00:58'
System info: host: 'EET-RG', ip: '192.168.25.107', os.name: 'Windows 7', os.arch: 'amd64', os.version: '6.1', java.version: '1.8.0_102'
Driver info: com.kms.katalon.selenium.driver.CFirefoxDriver
Capabilities [{applicationCacheEnabled=true, rotatable=false, handlesAlerts=true, databaseEnabled=true, version=43.0.1, platform=WINDOWS, nativeEvents=false, acceptSslCerts=true, webStorageEnabled=true, locationContextEnabled=true, browserName=firefox, takesScreenshot=true, javascriptEnabled=true, cssSelectorsEnabled=true}]
Session ID: bfb5a259-0acc-4af3-be45-94fe24c30f63)

2017-11-28 11:14:20 - [MESSAGE][FAILED] - Unable to double click on object 'Object Repository/Parts/PartsSalesOrder/PartsSaleOrderHeader/PartSaleOrder_Unit' (Root cause: org.openqa.selenium.ElementNotVisibleException: Element is not currently visible and so may not be interacted with (WARNING: The server did not provide any stacktrace information)
Command duration or timeout: 10 milliseconds
Build info: version: '2.53.0', revision: '35ae25b', time: '2016-03-15 17:00:58'
System info: host: 'EET-RG', ip: '192.168.25.107', os.name: 'Windows 7', os.arch: 'amd64', os.version: '6.1', java.version: '1.8.0_102'
Driver info: com.kms.katalon.selenium.driver.CFirefoxDriver
Capabilities [{applicationCacheEnabled=true, rotatable=false, handlesAlerts=true, databaseEnabled=true, version=43.0.1, platform=WINDOWS, nativeEvents=false, acceptSslCerts=true, webStorageEnabled=true, locationContextEnabled=true, browserName=firefox, takesScreenshot=true, javascriptEnabled=true, cssSelectorsEnabled=true}]
Session ID: bfb5a259-0acc-4af3-be45-94fe24c30f63)
[[ATTACHMENT|C:\\Users\\rgajbhiye\\git\\FlaglerCC\\Reports\\Flagler_PartsTestSuite\\20171128_111347\\1511847860331.png]]

2017-11-28 11:14:20 - [MESSAGE][FAILED] - Unable to call Test Case with id 'Test Cases/Parts/BaseTestCases/Base_Part_CreateHeader_WithCC_Flagler' (Root cause: Call Test Case 'Test Cases/Parts/BaseTestCases/Base_Part_CreateHeader_WithCC_Flagler' failed)

2017-11-28 11:14:20 - [TEST_STEP][INCOMPLETE] - callTestCase: null

2017-11-28 11:14:20 - [TEST_CASE][INCOMPLETE] - Test Cases/Parts/BaseTestCases/Base_Part_AddPartLinePos1: null

2017-11-28 11:14:21 - [TEST_STEP][PASSED] - click: Object: 'Object Repository/Parts/PartsSalesOrder/PartSalesOrderLine1/PartSaleOrderLine1_newpart' is clicked on

2017-11-28 11:14:29 - [MESSAGE][PASSED] - Object: 'Object Repository/Parts/PartsSalesOrder/PartSalesOrderLine1/PartSaleOrderLine1_newpart' is clicked on

2017-11-28 11:14:29 - [TEST_STEP][PASSED] - delay: Delayed 3 second(s)

2017-11-28 11:14:32 - [MESSAGE][PASSED] - Delayed 3 second(s)

2017-11-28 11:14:32 - [TEST_STEP][INCOMPLETE] - setText: Finding web element with id: 'Object Repository/Parts/PartsSalesOrder/PartSalesOrderLine1/PartSaleOrderLine1_PartNumber' located by 'By.xpath: //input[count(. | id("tdtre4101s002-2-grid-1-tdsls401.item.segment.2-82-0-widget")) = count(id("tdtre4101s002-2-grid-1-tdsls401.item.segment.2-82-0-widget"))][count(. | //*[@maxlength = '29']) = count(//*[@maxlength = '29'])][count(. | //*[@id = 'tdtre4101s002-2-grid-1-tdsls401.item.segment.2-82-0-widget']) = count(//*[@id = 'tdtre4101s002-2-grid-1-tdsls401.item.segment.2-82-0-widget'])][count(. | //*[@type = 'text']) = count(//*[@type = 'text'])][count(. | //*[@class = 'TextInputField TriggerInputFieldWidget TextInputField-empty']) = count(//*[@class = 'TextInputField TriggerInputFieldWidget TextInputField-empty'])]' in '30' second(s)]]></system-out>
         <system-err><![CDATA[2017-11-28 11:13:54 - [TEST_CASE][INCOMPLETE] - Test Cases/Parts/CreditCardRegression/TC001_Parts_CreditCard: null]]></system-err>
      </testcase>
      <system-out><![CDATA[2017-11-28 11:13:54 - [TEST_SUITE][INCOMPLETE] - Flagler_PartsTestSuite: null]]></system-out>
      <system-err><![CDATA[2017-11-28 11:13:54 - [TEST_SUITE][INCOMPLETE] - Flagler_PartsTestSuite: null]]></system-err>
   </testsuite>
</testsuites>
